{"D:\\Dev\\HomeAssistant\\pool-monitor-card\\src\\constants.js": {"path":"D:\\Dev\\HomeAssistant\\pool-monitor-card\\src\\constants.js","all":false,"statementMap":{"0":{"start":{"line":1,"column":0},"end":{"line":1,"column":3}},"1":{"start":{"line":2,"column":0},"end":{"line":2,"column":64}},"2":{"start":{"line":3,"column":0},"end":{"line":3,"column":22}},"3":{"start":{"line":4,"column":0},"end":{"line":4,"column":3}},"5":{"start":{"line":6,"column":0},"end":{"line":6,"column":60}},"6":{"start":{"line":7,"column":0},"end":{"line":7,"column":24}},"7":{"start":{"line":8,"column":0},"end":{"line":8,"column":32}},"8":{"start":{"line":9,"column":0},"end":{"line":9,"column":69}},"9":{"start":{"line":10,"column":0},"end":{"line":10,"column":53}},"11":{"start":{"line":12,"column":0},"end":{"line":12,"column":87}},"12":{"start":{"line":13,"column":0},"end":{"line":13,"column":62}},"14":{"start":{"line":15,"column":0},"end":{"line":15,"column":3}},"15":{"start":{"line":16,"column":0},"end":{"line":16,"column":63}},"16":{"start":{"line":17,"column":0},"end":{"line":17,"column":61}},"17":{"start":{"line":18,"column":0},"end":{"line":18,"column":57}},"18":{"start":{"line":19,"column":0},"end":{"line":19,"column":88}},"19":{"start":{"line":20,"column":0},"end":{"line":20,"column":3}},"20":{"start":{"line":21,"column":0},"end":{"line":21,"column":26}},"21":{"start":{"line":22,"column":0},"end":{"line":22,"column":32}},"22":{"start":{"line":23,"column":0},"end":{"line":23,"column":32}},"23":{"start":{"line":24,"column":0},"end":{"line":24,"column":18}},"24":{"start":{"line":25,"column":0},"end":{"line":25,"column":147}},"25":{"start":{"line":26,"column":0},"end":{"line":26,"column":2}},"27":{"start":{"line":28,"column":0},"end":{"line":28,"column":44}},"28":{"start":{"line":29,"column":0},"end":{"line":29,"column":59}},"30":{"start":{"line":31,"column":0},"end":{"line":31,"column":3}},"31":{"start":{"line":32,"column":0},"end":{"line":32,"column":75}},"32":{"start":{"line":33,"column":0},"end":{"line":33,"column":66}},"33":{"start":{"line":34,"column":0},"end":{"line":34,"column":70}},"34":{"start":{"line":35,"column":0},"end":{"line":35,"column":3}},"35":{"start":{"line":36,"column":0},"end":{"line":36,"column":30}},"36":{"start":{"line":37,"column":0},"end":{"line":37,"column":62}},"37":{"start":{"line":38,"column":0},"end":{"line":38,"column":64}},"38":{"start":{"line":39,"column":0},"end":{"line":39,"column":2}}},"s":{"0":1,"1":1,"2":1,"3":1,"5":1,"6":1,"7":1,"8":1,"9":1,"11":1,"12":1,"14":1,"15":1,"16":1,"17":1,"18":1,"19":1,"20":1,"21":1,"22":1,"23":1,"24":1,"25":1,"27":1,"28":1,"30":1,"31":1,"32":1,"33":1,"34":1,"35":1,"36":1,"37":1,"38":1},"branchMap":{"0":{"type":"branch","line":10,"loc":{"start":{"line":10,"column":44},"end":{"line":10,"column":52}},"locations":[{"start":{"line":10,"column":44},"end":{"line":10,"column":52}}]}},"b":{"0":[1]},"fnMap":{},"f":{}}
,"D:\\Dev\\HomeAssistant\\pool-monitor-card\\src\\pool_monitor_card.js": {"path":"D:\\Dev\\HomeAssistant\\pool-monitor-card\\src\\pool_monitor_card.js","all":false,"statementMap":{"0":{"start":{"line":1,"column":0},"end":{"line":1,"column":94}},"1":{"start":{"line":2,"column":0},"end":{"line":2,"column":37}},"3":{"start":{"line":4,"column":0},"end":{"line":4,"column":81}},"4":{"start":{"line":5,"column":0},"end":{"line":5,"column":94}},"5":{"start":{"line":6,"column":0},"end":{"line":6,"column":47}},"6":{"start":{"line":7,"column":0},"end":{"line":7,"column":62}},"7":{"start":{"line":8,"column":0},"end":{"line":8,"column":91}},"9":{"start":{"line":10,"column":0},"end":{"line":10,"column":13}},"10":{"start":{"line":11,"column":0},"end":{"line":11,"column":48}},"11":{"start":{"line":12,"column":0},"end":{"line":12,"column":22}},"12":{"start":{"line":13,"column":0},"end":{"line":13,"column":24}},"13":{"start":{"line":14,"column":0},"end":{"line":14,"column":2}},"15":{"start":{"line":16,"column":0},"end":{"line":16,"column":3}},"16":{"start":{"line":17,"column":0},"end":{"line":17,"column":25}},"17":{"start":{"line":18,"column":0},"end":{"line":18,"column":24}},"18":{"start":{"line":19,"column":0},"end":{"line":19,"column":110}},"19":{"start":{"line":20,"column":0},"end":{"line":20,"column":52}},"20":{"start":{"line":21,"column":0},"end":{"line":21,"column":49}},"21":{"start":{"line":22,"column":0},"end":{"line":22,"column":27}},"22":{"start":{"line":23,"column":0},"end":{"line":23,"column":3}},"23":{"start":{"line":24,"column":0},"end":{"line":24,"column":49}},"24":{"start":{"line":25,"column":0},"end":{"line":25,"column":39}},"25":{"start":{"line":26,"column":0},"end":{"line":26,"column":39}},"26":{"start":{"line":27,"column":0},"end":{"line":27,"column":53}},"28":{"start":{"line":29,"column":0},"end":{"line":29,"column":5}},"29":{"start":{"line":30,"column":0},"end":{"line":30,"column":12}},"30":{"start":{"line":31,"column":0},"end":{"line":31,"column":57}},"31":{"start":{"line":32,"column":0},"end":{"line":32,"column":5}},"32":{"start":{"line":33,"column":0},"end":{"line":33,"column":27}},"33":{"start":{"line":34,"column":0},"end":{"line":34,"column":12}},"34":{"start":{"line":35,"column":0},"end":{"line":35,"column":15}},"35":{"start":{"line":36,"column":0},"end":{"line":36,"column":17}},"36":{"start":{"line":37,"column":0},"end":{"line":37,"column":6}},"37":{"start":{"line":38,"column":0},"end":{"line":38,"column":3}},"39":{"start":{"line":40,"column":0},"end":{"line":40,"column":25}},"41":{"start":{"line":42,"column":0},"end":{"line":42,"column":5}},"42":{"start":{"line":43,"column":0},"end":{"line":43,"column":17}},"43":{"start":{"line":44,"column":0},"end":{"line":44,"column":5}},"44":{"start":{"line":45,"column":0},"end":{"line":45,"column":17}},"45":{"start":{"line":46,"column":0},"end":{"line":46,"column":12}},"46":{"start":{"line":47,"column":0},"end":{"line":47,"column":3}},"48":{"start":{"line":49,"column":0},"end":{"line":49,"column":5}},"49":{"start":{"line":50,"column":0},"end":{"line":50,"column":19}},"50":{"start":{"line":51,"column":0},"end":{"line":51,"column":55}},"51":{"start":{"line":52,"column":0},"end":{"line":52,"column":57}},"52":{"start":{"line":53,"column":0},"end":{"line":53,"column":5}},"53":{"start":{"line":54,"column":0},"end":{"line":54,"column":12}},"54":{"start":{"line":55,"column":0},"end":{"line":55,"column":36}},"55":{"start":{"line":56,"column":0},"end":{"line":56,"column":36}},"56":{"start":{"line":57,"column":0},"end":{"line":57,"column":50}},"57":{"start":{"line":58,"column":0},"end":{"line":58,"column":39}},"58":{"start":{"line":59,"column":0},"end":{"line":59,"column":33}},"60":{"start":{"line":61,"column":0},"end":{"line":61,"column":49}},"61":{"start":{"line":62,"column":0},"end":{"line":62,"column":50}},"62":{"start":{"line":63,"column":0},"end":{"line":63,"column":47}},"63":{"start":{"line":64,"column":0},"end":{"line":64,"column":37}},"64":{"start":{"line":65,"column":0},"end":{"line":65,"column":46}},"65":{"start":{"line":66,"column":0},"end":{"line":66,"column":53}},"66":{"start":{"line":67,"column":0},"end":{"line":67,"column":14}},"67":{"start":{"line":68,"column":0},"end":{"line":68,"column":14}},"68":{"start":{"line":69,"column":0},"end":{"line":69,"column":5}},"70":{"start":{"line":71,"column":0},"end":{"line":71,"column":45}},"71":{"start":{"line":72,"column":0},"end":{"line":72,"column":42}},"72":{"start":{"line":73,"column":0},"end":{"line":73,"column":47}},"73":{"start":{"line":74,"column":0},"end":{"line":74,"column":34}},"74":{"start":{"line":75,"column":0},"end":{"line":75,"column":22}},"75":{"start":{"line":76,"column":0},"end":{"line":76,"column":41}},"76":{"start":{"line":77,"column":0},"end":{"line":77,"column":50}},"77":{"start":{"line":78,"column":0},"end":{"line":78,"column":19}},"78":{"start":{"line":79,"column":0},"end":{"line":79,"column":92}},"79":{"start":{"line":80,"column":0},"end":{"line":80,"column":78}},"80":{"start":{"line":81,"column":0},"end":{"line":81,"column":15}},"81":{"start":{"line":82,"column":0},"end":{"line":82,"column":18}},"82":{"start":{"line":83,"column":0},"end":{"line":83,"column":12}},"83":{"start":{"line":84,"column":0},"end":{"line":84,"column":48}},"84":{"start":{"line":85,"column":0},"end":{"line":85,"column":22}},"85":{"start":{"line":86,"column":0},"end":{"line":86,"column":41}},"86":{"start":{"line":87,"column":0},"end":{"line":87,"column":50}},"87":{"start":{"line":88,"column":0},"end":{"line":88,"column":19}},"88":{"start":{"line":89,"column":0},"end":{"line":89,"column":96}},"89":{"start":{"line":90,"column":0},"end":{"line":90,"column":72}},"90":{"start":{"line":91,"column":0},"end":{"line":91,"column":15}},"91":{"start":{"line":92,"column":0},"end":{"line":92,"column":18}},"92":{"start":{"line":93,"column":0},"end":{"line":93,"column":12}},"93":{"start":{"line":94,"column":0},"end":{"line":94,"column":9}},"94":{"start":{"line":95,"column":0},"end":{"line":95,"column":51}},"95":{"start":{"line":96,"column":0},"end":{"line":96,"column":9}},"96":{"start":{"line":97,"column":0},"end":{"line":97,"column":12}},"97":{"start":{"line":98,"column":0},"end":{"line":98,"column":3}},"99":{"start":{"line":100,"column":0},"end":{"line":100,"column":5}},"100":{"start":{"line":101,"column":0},"end":{"line":101,"column":24}},"101":{"start":{"line":102,"column":0},"end":{"line":102,"column":56}},"102":{"start":{"line":103,"column":0},"end":{"line":103,"column":48}},"103":{"start":{"line":104,"column":0},"end":{"line":104,"column":5}},"104":{"start":{"line":105,"column":0},"end":{"line":105,"column":17}},"105":{"start":{"line":106,"column":0},"end":{"line":106,"column":20}},"106":{"start":{"line":107,"column":0},"end":{"line":107,"column":36}},"108":{"start":{"line":109,"column":0},"end":{"line":109,"column":77}},"109":{"start":{"line":110,"column":0},"end":{"line":110,"column":78}},"110":{"start":{"line":111,"column":0},"end":{"line":111,"column":89}},"112":{"start":{"line":113,"column":0},"end":{"line":113,"column":46}},"113":{"start":{"line":114,"column":0},"end":{"line":114,"column":55}},"115":{"start":{"line":116,"column":0},"end":{"line":116,"column":45}},"116":{"start":{"line":117,"column":0},"end":{"line":117,"column":21}},"117":{"start":{"line":118,"column":0},"end":{"line":118,"column":73}},"118":{"start":{"line":119,"column":0},"end":{"line":119,"column":24}},"119":{"start":{"line":120,"column":0},"end":{"line":120,"column":21}},"120":{"start":{"line":121,"column":0},"end":{"line":121,"column":21}},"121":{"start":{"line":122,"column":0},"end":{"line":122,"column":26}},"122":{"start":{"line":123,"column":0},"end":{"line":123,"column":22}},"123":{"start":{"line":124,"column":0},"end":{"line":124,"column":22}},"124":{"start":{"line":125,"column":0},"end":{"line":125,"column":22}},"125":{"start":{"line":126,"column":0},"end":{"line":126,"column":27}},"126":{"start":{"line":127,"column":0},"end":{"line":127,"column":22}},"127":{"start":{"line":128,"column":0},"end":{"line":128,"column":27}},"128":{"start":{"line":129,"column":0},"end":{"line":129,"column":32}},"129":{"start":{"line":130,"column":0},"end":{"line":130,"column":26}},"130":{"start":{"line":131,"column":0},"end":{"line":131,"column":25}},"131":{"start":{"line":132,"column":0},"end":{"line":132,"column":10}},"132":{"start":{"line":133,"column":0},"end":{"line":133,"column":9}},"133":{"start":{"line":134,"column":0},"end":{"line":134,"column":7}},"135":{"start":{"line":136,"column":0},"end":{"line":136,"column":16}},"136":{"start":{"line":137,"column":0},"end":{"line":137,"column":3}},"138":{"start":{"line":139,"column":0},"end":{"line":139,"column":5}},"139":{"start":{"line":140,"column":0},"end":{"line":140,"column":30}},"140":{"start":{"line":141,"column":0},"end":{"line":141,"column":82}},"141":{"start":{"line":142,"column":0},"end":{"line":142,"column":46}},"142":{"start":{"line":143,"column":0},"end":{"line":143,"column":70}},"143":{"start":{"line":144,"column":0},"end":{"line":144,"column":42}},"144":{"start":{"line":145,"column":0},"end":{"line":145,"column":5}},"145":{"start":{"line":146,"column":0},"end":{"line":146,"column":34}},"146":{"start":{"line":147,"column":0},"end":{"line":147,"column":55}},"147":{"start":{"line":148,"column":0},"end":{"line":148,"column":50}},"148":{"start":{"line":149,"column":0},"end":{"line":149,"column":50}},"149":{"start":{"line":150,"column":0},"end":{"line":150,"column":3}},"151":{"start":{"line":152,"column":0},"end":{"line":152,"column":5}},"152":{"start":{"line":153,"column":0},"end":{"line":153,"column":26}},"153":{"start":{"line":154,"column":0},"end":{"line":154,"column":57}},"154":{"start":{"line":155,"column":0},"end":{"line":155,"column":43}},"155":{"start":{"line":156,"column":0},"end":{"line":156,"column":45}},"156":{"start":{"line":157,"column":0},"end":{"line":157,"column":47}},"157":{"start":{"line":158,"column":0},"end":{"line":158,"column":58}},"158":{"start":{"line":159,"column":0},"end":{"line":159,"column":58}},"159":{"start":{"line":160,"column":0},"end":{"line":160,"column":50}},"160":{"start":{"line":161,"column":0},"end":{"line":161,"column":60}},"161":{"start":{"line":162,"column":0},"end":{"line":162,"column":51}},"162":{"start":{"line":163,"column":0},"end":{"line":163,"column":47}},"163":{"start":{"line":164,"column":0},"end":{"line":164,"column":57}},"164":{"start":{"line":165,"column":0},"end":{"line":165,"column":50}},"165":{"start":{"line":166,"column":0},"end":{"line":166,"column":56}},"166":{"start":{"line":167,"column":0},"end":{"line":167,"column":56}},"167":{"start":{"line":168,"column":0},"end":{"line":168,"column":62}},"168":{"start":{"line":169,"column":0},"end":{"line":169,"column":61}},"169":{"start":{"line":170,"column":0},"end":{"line":170,"column":49}},"170":{"start":{"line":171,"column":0},"end":{"line":171,"column":5}},"171":{"start":{"line":172,"column":0},"end":{"line":172,"column":16}},"172":{"start":{"line":173,"column":0},"end":{"line":173,"column":9}},"173":{"start":{"line":174,"column":0},"end":{"line":174,"column":10}},"174":{"start":{"line":175,"column":0},"end":{"line":175,"column":11}},"175":{"start":{"line":176,"column":0},"end":{"line":176,"column":15}},"176":{"start":{"line":177,"column":0},"end":{"line":177,"column":15}},"177":{"start":{"line":178,"column":0},"end":{"line":178,"column":13}},"178":{"start":{"line":179,"column":0},"end":{"line":179,"column":18}},"179":{"start":{"line":180,"column":0},"end":{"line":180,"column":9}},"180":{"start":{"line":181,"column":0},"end":{"line":181,"column":9}},"181":{"start":{"line":182,"column":0},"end":{"line":182,"column":14}},"182":{"start":{"line":183,"column":0},"end":{"line":183,"column":9}},"183":{"start":{"line":184,"column":0},"end":{"line":184,"column":14}},"184":{"start":{"line":185,"column":0},"end":{"line":185,"column":19}},"185":{"start":{"line":186,"column":0},"end":{"line":186,"column":13}},"186":{"start":{"line":187,"column":0},"end":{"line":187,"column":12}},"187":{"start":{"line":188,"column":0},"end":{"line":188,"column":5}},"188":{"start":{"line":189,"column":0},"end":{"line":189,"column":23}},"189":{"start":{"line":190,"column":0},"end":{"line":190,"column":36}},"190":{"start":{"line":191,"column":0},"end":{"line":191,"column":54}},"192":{"start":{"line":193,"column":0},"end":{"line":193,"column":24}},"193":{"start":{"line":194,"column":0},"end":{"line":194,"column":30}},"194":{"start":{"line":195,"column":0},"end":{"line":195,"column":24}},"196":{"start":{"line":197,"column":0},"end":{"line":197,"column":69}},"198":{"start":{"line":199,"column":0},"end":{"line":199,"column":55}},"199":{"start":{"line":200,"column":0},"end":{"line":200,"column":30}},"200":{"start":{"line":201,"column":0},"end":{"line":201,"column":27}},"201":{"start":{"line":202,"column":0},"end":{"line":202,"column":37}},"202":{"start":{"line":203,"column":0},"end":{"line":203,"column":31}},"203":{"start":{"line":204,"column":0},"end":{"line":204,"column":12}},"204":{"start":{"line":205,"column":0},"end":{"line":205,"column":36}},"205":{"start":{"line":206,"column":0},"end":{"line":206,"column":42}},"207":{"start":{"line":208,"column":0},"end":{"line":208,"column":34}},"208":{"start":{"line":209,"column":0},"end":{"line":209,"column":33}},"209":{"start":{"line":210,"column":0},"end":{"line":210,"column":31}},"210":{"start":{"line":211,"column":0},"end":{"line":211,"column":38}},"211":{"start":{"line":212,"column":0},"end":{"line":212,"column":97}},"212":{"start":{"line":213,"column":0},"end":{"line":213,"column":30}},"213":{"start":{"line":214,"column":0},"end":{"line":214,"column":38}},"214":{"start":{"line":215,"column":0},"end":{"line":215,"column":14}},"215":{"start":{"line":216,"column":0},"end":{"line":216,"column":116}},"216":{"start":{"line":217,"column":0},"end":{"line":217,"column":7}},"217":{"start":{"line":218,"column":0},"end":{"line":218,"column":5}},"219":{"start":{"line":220,"column":0},"end":{"line":220,"column":34}},"220":{"start":{"line":221,"column":0},"end":{"line":221,"column":71}},"221":{"start":{"line":222,"column":0},"end":{"line":222,"column":50}},"222":{"start":{"line":223,"column":0},"end":{"line":223,"column":27}},"223":{"start":{"line":224,"column":0},"end":{"line":224,"column":30}},"224":{"start":{"line":225,"column":0},"end":{"line":225,"column":21}},"225":{"start":{"line":226,"column":0},"end":{"line":226,"column":5}},"227":{"start":{"line":228,"column":0},"end":{"line":228,"column":63}},"228":{"start":{"line":229,"column":0},"end":{"line":229,"column":28}},"230":{"start":{"line":231,"column":0},"end":{"line":231,"column":43}},"231":{"start":{"line":232,"column":0},"end":{"line":232,"column":85}},"232":{"start":{"line":233,"column":0},"end":{"line":233,"column":5}},"234":{"start":{"line":235,"column":0},"end":{"line":235,"column":71}},"235":{"start":{"line":236,"column":0},"end":{"line":236,"column":85}},"237":{"start":{"line":238,"column":0},"end":{"line":238,"column":63}},"238":{"start":{"line":239,"column":0},"end":{"line":239,"column":19}},"239":{"start":{"line":240,"column":0},"end":{"line":240,"column":63}},"240":{"start":{"line":241,"column":0},"end":{"line":241,"column":5}},"242":{"start":{"line":243,"column":0},"end":{"line":243,"column":35}},"243":{"start":{"line":244,"column":0},"end":{"line":244,"column":23}},"244":{"start":{"line":245,"column":0},"end":{"line":245,"column":33}},"245":{"start":{"line":246,"column":0},"end":{"line":246,"column":37}},"246":{"start":{"line":247,"column":0},"end":{"line":247,"column":60}},"247":{"start":{"line":248,"column":0},"end":{"line":248,"column":56}},"248":{"start":{"line":249,"column":0},"end":{"line":249,"column":24}},"250":{"start":{"line":251,"column":0},"end":{"line":251,"column":23}},"251":{"start":{"line":252,"column":0},"end":{"line":252,"column":33}},"252":{"start":{"line":253,"column":0},"end":{"line":253,"column":37}},"253":{"start":{"line":254,"column":0},"end":{"line":254,"column":60}},"254":{"start":{"line":255,"column":0},"end":{"line":255,"column":56}},"255":{"start":{"line":256,"column":0},"end":{"line":256,"column":24}},"257":{"start":{"line":258,"column":0},"end":{"line":258,"column":76}},"258":{"start":{"line":259,"column":0},"end":{"line":259,"column":14}},"259":{"start":{"line":260,"column":0},"end":{"line":260,"column":28}},"260":{"start":{"line":261,"column":0},"end":{"line":261,"column":30}},"261":{"start":{"line":262,"column":0},"end":{"line":262,"column":46}},"262":{"start":{"line":263,"column":0},"end":{"line":263,"column":46}},"263":{"start":{"line":264,"column":0},"end":{"line":264,"column":26}},"264":{"start":{"line":265,"column":0},"end":{"line":265,"column":19}},"265":{"start":{"line":266,"column":0},"end":{"line":266,"column":33}},"266":{"start":{"line":267,"column":0},"end":{"line":267,"column":35}},"267":{"start":{"line":268,"column":0},"end":{"line":268,"column":42}},"268":{"start":{"line":269,"column":0},"end":{"line":269,"column":42}},"269":{"start":{"line":270,"column":0},"end":{"line":270,"column":16}},"271":{"start":{"line":272,"column":0},"end":{"line":272,"column":100}},"273":{"start":{"line":274,"column":0},"end":{"line":274,"column":32}},"275":{"start":{"line":276,"column":0},"end":{"line":276,"column":62}},"276":{"start":{"line":277,"column":0},"end":{"line":277,"column":77}},"277":{"start":{"line":278,"column":0},"end":{"line":278,"column":72}},"278":{"start":{"line":279,"column":0},"end":{"line":279,"column":68}},"279":{"start":{"line":280,"column":0},"end":{"line":280,"column":44}},"280":{"start":{"line":281,"column":0},"end":{"line":281,"column":67}},"281":{"start":{"line":282,"column":0},"end":{"line":282,"column":71}},"283":{"start":{"line":284,"column":0},"end":{"line":284,"column":30}},"284":{"start":{"line":285,"column":0},"end":{"line":285,"column":40}},"285":{"start":{"line":286,"column":0},"end":{"line":286,"column":40}},"286":{"start":{"line":287,"column":0},"end":{"line":287,"column":32}},"287":{"start":{"line":288,"column":0},"end":{"line":288,"column":39}},"288":{"start":{"line":289,"column":0},"end":{"line":289,"column":39}},"289":{"start":{"line":290,"column":0},"end":{"line":290,"column":6}},"291":{"start":{"line":292,"column":0},"end":{"line":292,"column":62}},"292":{"start":{"line":293,"column":0},"end":{"line":293,"column":34}},"294":{"start":{"line":295,"column":0},"end":{"line":295,"column":38}},"295":{"start":{"line":296,"column":0},"end":{"line":296,"column":33}},"296":{"start":{"line":297,"column":0},"end":{"line":297,"column":56}},"297":{"start":{"line":298,"column":0},"end":{"line":298,"column":5}},"299":{"start":{"line":300,"column":0},"end":{"line":300,"column":30}},"300":{"start":{"line":301,"column":0},"end":{"line":301,"column":47}},"301":{"start":{"line":302,"column":0},"end":{"line":302,"column":70}},"302":{"start":{"line":303,"column":0},"end":{"line":303,"column":92}},"303":{"start":{"line":304,"column":0},"end":{"line":304,"column":43}},"304":{"start":{"line":305,"column":0},"end":{"line":305,"column":17}},"305":{"start":{"line":306,"column":0},"end":{"line":306,"column":69}},"306":{"start":{"line":307,"column":0},"end":{"line":307,"column":65}},"307":{"start":{"line":308,"column":0},"end":{"line":308,"column":9}},"308":{"start":{"line":309,"column":0},"end":{"line":309,"column":92}},"309":{"start":{"line":310,"column":0},"end":{"line":310,"column":42}},"310":{"start":{"line":311,"column":0},"end":{"line":311,"column":14}},"311":{"start":{"line":312,"column":0},"end":{"line":312,"column":92}},"312":{"start":{"line":313,"column":0},"end":{"line":313,"column":43}},"313":{"start":{"line":314,"column":0},"end":{"line":314,"column":7}},"314":{"start":{"line":315,"column":0},"end":{"line":315,"column":12}},"315":{"start":{"line":316,"column":0},"end":{"line":316,"column":44}},"316":{"start":{"line":317,"column":0},"end":{"line":317,"column":70}},"317":{"start":{"line":318,"column":0},"end":{"line":318,"column":92}},"318":{"start":{"line":319,"column":0},"end":{"line":319,"column":43}},"319":{"start":{"line":320,"column":0},"end":{"line":320,"column":17}},"320":{"start":{"line":321,"column":0},"end":{"line":321,"column":69}},"321":{"start":{"line":322,"column":0},"end":{"line":322,"column":65}},"322":{"start":{"line":323,"column":0},"end":{"line":323,"column":9}},"323":{"start":{"line":324,"column":0},"end":{"line":324,"column":92}},"324":{"start":{"line":325,"column":0},"end":{"line":325,"column":42}},"325":{"start":{"line":326,"column":0},"end":{"line":326,"column":17}},"326":{"start":{"line":327,"column":0},"end":{"line":327,"column":69}},"327":{"start":{"line":328,"column":0},"end":{"line":328,"column":65}},"328":{"start":{"line":329,"column":0},"end":{"line":329,"column":9}},"329":{"start":{"line":330,"column":0},"end":{"line":330,"column":92}},"330":{"start":{"line":331,"column":0},"end":{"line":331,"column":45}},"331":{"start":{"line":332,"column":0},"end":{"line":332,"column":17}},"332":{"start":{"line":333,"column":0},"end":{"line":333,"column":69}},"333":{"start":{"line":334,"column":0},"end":{"line":334,"column":65}},"334":{"start":{"line":335,"column":0},"end":{"line":335,"column":9}},"335":{"start":{"line":336,"column":0},"end":{"line":336,"column":92}},"336":{"start":{"line":337,"column":0},"end":{"line":337,"column":45}},"337":{"start":{"line":338,"column":0},"end":{"line":338,"column":17}},"338":{"start":{"line":339,"column":0},"end":{"line":339,"column":69}},"339":{"start":{"line":340,"column":0},"end":{"line":340,"column":65}},"340":{"start":{"line":341,"column":0},"end":{"line":341,"column":9}},"341":{"start":{"line":342,"column":0},"end":{"line":342,"column":92}},"342":{"start":{"line":343,"column":0},"end":{"line":343,"column":42}},"343":{"start":{"line":344,"column":0},"end":{"line":344,"column":78}},"344":{"start":{"line":345,"column":0},"end":{"line":345,"column":92}},"345":{"start":{"line":346,"column":0},"end":{"line":346,"column":43}},"346":{"start":{"line":347,"column":0},"end":{"line":347,"column":7}},"347":{"start":{"line":348,"column":0},"end":{"line":348,"column":5}},"348":{"start":{"line":349,"column":0},"end":{"line":349,"column":82}},"350":{"start":{"line":351,"column":0},"end":{"line":351,"column":27}},"351":{"start":{"line":352,"column":0},"end":{"line":352,"column":8}},"352":{"start":{"line":353,"column":0},"end":{"line":353,"column":15}},"353":{"start":{"line":354,"column":0},"end":{"line":354,"column":13}},"354":{"start":{"line":355,"column":0},"end":{"line":355,"column":93}},"355":{"start":{"line":356,"column":0},"end":{"line":356,"column":16}},"356":{"start":{"line":357,"column":0},"end":{"line":357,"column":15}},"357":{"start":{"line":358,"column":0},"end":{"line":358,"column":13}},"358":{"start":{"line":359,"column":0},"end":{"line":359,"column":8}},"359":{"start":{"line":360,"column":0},"end":{"line":360,"column":17}},"360":{"start":{"line":361,"column":0},"end":{"line":361,"column":31}},"361":{"start":{"line":362,"column":0},"end":{"line":362,"column":8}},"362":{"start":{"line":363,"column":0},"end":{"line":363,"column":15}},"363":{"start":{"line":364,"column":0},"end":{"line":364,"column":13}},"364":{"start":{"line":365,"column":0},"end":{"line":365,"column":97}},"365":{"start":{"line":366,"column":0},"end":{"line":366,"column":16}},"366":{"start":{"line":367,"column":0},"end":{"line":367,"column":15}},"367":{"start":{"line":368,"column":0},"end":{"line":368,"column":13}},"368":{"start":{"line":369,"column":0},"end":{"line":369,"column":8}},"369":{"start":{"line":370,"column":0},"end":{"line":370,"column":17}},"370":{"start":{"line":371,"column":0},"end":{"line":371,"column":31}},"371":{"start":{"line":372,"column":0},"end":{"line":372,"column":8}},"372":{"start":{"line":373,"column":0},"end":{"line":373,"column":15}},"373":{"start":{"line":374,"column":0},"end":{"line":374,"column":13}},"374":{"start":{"line":375,"column":0},"end":{"line":375,"column":97}},"375":{"start":{"line":376,"column":0},"end":{"line":376,"column":16}},"376":{"start":{"line":377,"column":0},"end":{"line":377,"column":15}},"377":{"start":{"line":378,"column":0},"end":{"line":378,"column":13}},"378":{"start":{"line":379,"column":0},"end":{"line":379,"column":8}},"379":{"start":{"line":380,"column":0},"end":{"line":380,"column":17}},"380":{"start":{"line":381,"column":0},"end":{"line":381,"column":95}},"381":{"start":{"line":382,"column":0},"end":{"line":382,"column":69}},"382":{"start":{"line":383,"column":0},"end":{"line":383,"column":24}},"383":{"start":{"line":384,"column":0},"end":{"line":384,"column":93}},"384":{"start":{"line":385,"column":0},"end":{"line":385,"column":28}},"385":{"start":{"line":386,"column":0},"end":{"line":386,"column":93}},"386":{"start":{"line":387,"column":0},"end":{"line":387,"column":21}},"387":{"start":{"line":388,"column":0},"end":{"line":388,"column":30}},"388":{"start":{"line":389,"column":0},"end":{"line":389,"column":43}},"389":{"start":{"line":390,"column":0},"end":{"line":390,"column":42}},"390":{"start":{"line":391,"column":0},"end":{"line":391,"column":21}},"391":{"start":{"line":392,"column":0},"end":{"line":392,"column":30}},"392":{"start":{"line":393,"column":0},"end":{"line":393,"column":43}},"393":{"start":{"line":394,"column":0},"end":{"line":394,"column":42}},"395":{"start":{"line":396,"column":0},"end":{"line":396,"column":19}},"396":{"start":{"line":397,"column":0},"end":{"line":397,"column":3}},"398":{"start":{"line":399,"column":0},"end":{"line":399,"column":5}},"399":{"start":{"line":400,"column":0},"end":{"line":400,"column":26}},"400":{"start":{"line":401,"column":0},"end":{"line":401,"column":65}},"401":{"start":{"line":402,"column":0},"end":{"line":402,"column":51}},"402":{"start":{"line":403,"column":0},"end":{"line":403,"column":77}},"403":{"start":{"line":404,"column":0},"end":{"line":404,"column":5}},"404":{"start":{"line":405,"column":0},"end":{"line":405,"column":25}},"405":{"start":{"line":406,"column":0},"end":{"line":406,"column":50}},"406":{"start":{"line":407,"column":0},"end":{"line":407,"column":15}},"407":{"start":{"line":408,"column":0},"end":{"line":408,"column":5}},"408":{"start":{"line":409,"column":0},"end":{"line":409,"column":40}},"409":{"start":{"line":410,"column":0},"end":{"line":410,"column":34}},"410":{"start":{"line":411,"column":0},"end":{"line":411,"column":15}},"411":{"start":{"line":412,"column":0},"end":{"line":412,"column":5}},"412":{"start":{"line":413,"column":0},"end":{"line":413,"column":34}},"413":{"start":{"line":414,"column":0},"end":{"line":414,"column":28}},"414":{"start":{"line":415,"column":0},"end":{"line":415,"column":43}},"415":{"start":{"line":416,"column":0},"end":{"line":416,"column":5}},"416":{"start":{"line":417,"column":0},"end":{"line":417,"column":13}},"417":{"start":{"line":418,"column":0},"end":{"line":418,"column":3}},"419":{"start":{"line":420,"column":0},"end":{"line":420,"column":5}},"420":{"start":{"line":421,"column":0},"end":{"line":421,"column":24}},"421":{"start":{"line":422,"column":0},"end":{"line":422,"column":63}},"422":{"start":{"line":423,"column":0},"end":{"line":423,"column":67}},"423":{"start":{"line":424,"column":0},"end":{"line":424,"column":40}},"424":{"start":{"line":425,"column":0},"end":{"line":425,"column":5}},"425":{"start":{"line":426,"column":0},"end":{"line":426,"column":25}},"426":{"start":{"line":427,"column":0},"end":{"line":427,"column":36}},"427":{"start":{"line":428,"column":0},"end":{"line":428,"column":45}},"429":{"start":{"line":430,"column":0},"end":{"line":430,"column":27}},"430":{"start":{"line":431,"column":0},"end":{"line":431,"column":62}},"431":{"start":{"line":432,"column":0},"end":{"line":432,"column":34}},"432":{"start":{"line":433,"column":0},"end":{"line":433,"column":72}},"433":{"start":{"line":434,"column":0},"end":{"line":434,"column":6}},"435":{"start":{"line":436,"column":0},"end":{"line":436,"column":45}},"436":{"start":{"line":437,"column":0},"end":{"line":437,"column":43}},"437":{"start":{"line":438,"column":0},"end":{"line":438,"column":40}},"439":{"start":{"line":440,"column":0},"end":{"line":440,"column":44}},"440":{"start":{"line":441,"column":0},"end":{"line":441,"column":51}},"441":{"start":{"line":442,"column":0},"end":{"line":442,"column":45}},"442":{"start":{"line":443,"column":0},"end":{"line":443,"column":27}},"443":{"start":{"line":444,"column":0},"end":{"line":444,"column":3}},"445":{"start":{"line":446,"column":0},"end":{"line":446,"column":5}},"446":{"start":{"line":447,"column":0},"end":{"line":447,"column":22}},"447":{"start":{"line":448,"column":0},"end":{"line":448,"column":50}},"448":{"start":{"line":449,"column":0},"end":{"line":449,"column":45}},"449":{"start":{"line":450,"column":0},"end":{"line":450,"column":5}},"450":{"start":{"line":451,"column":0},"end":{"line":451,"column":15}},"451":{"start":{"line":452,"column":0},"end":{"line":452,"column":23}},"452":{"start":{"line":453,"column":0},"end":{"line":453,"column":3}},"454":{"start":{"line":455,"column":0},"end":{"line":455,"column":5}},"455":{"start":{"line":456,"column":0},"end":{"line":456,"column":22}},"456":{"start":{"line":457,"column":0},"end":{"line":457,"column":45}},"457":{"start":{"line":458,"column":0},"end":{"line":458,"column":56}},"458":{"start":{"line":459,"column":0},"end":{"line":459,"column":5}},"459":{"start":{"line":460,"column":0},"end":{"line":460,"column":21}},"460":{"start":{"line":461,"column":0},"end":{"line":461,"column":56}},"461":{"start":{"line":462,"column":0},"end":{"line":462,"column":27}},"462":{"start":{"line":463,"column":0},"end":{"line":463,"column":34}},"463":{"start":{"line":464,"column":0},"end":{"line":464,"column":31}},"464":{"start":{"line":465,"column":0},"end":{"line":465,"column":6}},"466":{"start":{"line":467,"column":0},"end":{"line":467,"column":46}},"467":{"start":{"line":468,"column":0},"end":{"line":468,"column":23}},"468":{"start":{"line":469,"column":0},"end":{"line":469,"column":16}},"469":{"start":{"line":470,"column":0},"end":{"line":470,"column":16}},"470":{"start":{"line":471,"column":0},"end":{"line":471,"column":33}},"471":{"start":{"line":472,"column":0},"end":{"line":472,"column":34}},"472":{"start":{"line":473,"column":0},"end":{"line":473,"column":8}},"473":{"start":{"line":474,"column":0},"end":{"line":474,"column":15}},"474":{"start":{"line":475,"column":0},"end":{"line":475,"column":32}},"475":{"start":{"line":476,"column":0},"end":{"line":476,"column":33}},"476":{"start":{"line":477,"column":0},"end":{"line":477,"column":8}},"477":{"start":{"line":478,"column":0},"end":{"line":478,"column":65}},"478":{"start":{"line":479,"column":0},"end":{"line":479,"column":18}},"479":{"start":{"line":480,"column":0},"end":{"line":480,"column":6}},"481":{"start":{"line":482,"column":0},"end":{"line":482,"column":26}},"482":{"start":{"line":483,"column":0},"end":{"line":483,"column":94}},"483":{"start":{"line":484,"column":0},"end":{"line":484,"column":15}},"484":{"start":{"line":485,"column":0},"end":{"line":485,"column":9}},"485":{"start":{"line":486,"column":0},"end":{"line":486,"column":22}},"486":{"start":{"line":487,"column":0},"end":{"line":487,"column":156}},"487":{"start":{"line":488,"column":0},"end":{"line":488,"column":8}},"488":{"start":{"line":489,"column":0},"end":{"line":489,"column":5}},"490":{"start":{"line":491,"column":0},"end":{"line":491,"column":48}},"491":{"start":{"line":492,"column":0},"end":{"line":492,"column":76}},"492":{"start":{"line":493,"column":0},"end":{"line":493,"column":68}},"493":{"start":{"line":494,"column":0},"end":{"line":494,"column":62}},"495":{"start":{"line":496,"column":0},"end":{"line":496,"column":78}},"496":{"start":{"line":497,"column":0},"end":{"line":497,"column":98}},"498":{"start":{"line":499,"column":0},"end":{"line":499,"column":37}},"499":{"start":{"line":500,"column":0},"end":{"line":500,"column":64}},"500":{"start":{"line":501,"column":0},"end":{"line":501,"column":7}},"502":{"start":{"line":503,"column":0},"end":{"line":503,"column":72}},"503":{"start":{"line":504,"column":0},"end":{"line":504,"column":60}},"504":{"start":{"line":505,"column":0},"end":{"line":505,"column":53}},"505":{"start":{"line":506,"column":0},"end":{"line":506,"column":79}},"506":{"start":{"line":507,"column":0},"end":{"line":507,"column":95}},"507":{"start":{"line":508,"column":0},"end":{"line":508,"column":10}},"509":{"start":{"line":510,"column":0},"end":{"line":510,"column":52}},"510":{"start":{"line":511,"column":0},"end":{"line":511,"column":29}},"511":{"start":{"line":512,"column":0},"end":{"line":512,"column":72}},"512":{"start":{"line":513,"column":0},"end":{"line":513,"column":9}},"514":{"start":{"line":515,"column":0},"end":{"line":515,"column":54}},"515":{"start":{"line":516,"column":0},"end":{"line":516,"column":39}},"516":{"start":{"line":517,"column":0},"end":{"line":517,"column":37}},"517":{"start":{"line":518,"column":0},"end":{"line":518,"column":9}},"519":{"start":{"line":520,"column":0},"end":{"line":520,"column":45}},"520":{"start":{"line":521,"column":0},"end":{"line":521,"column":54}},"521":{"start":{"line":522,"column":0},"end":{"line":522,"column":66}},"522":{"start":{"line":523,"column":0},"end":{"line":523,"column":23}},"523":{"start":{"line":524,"column":0},"end":{"line":524,"column":48}},"524":{"start":{"line":525,"column":0},"end":{"line":525,"column":27}},"525":{"start":{"line":526,"column":0},"end":{"line":526,"column":33}},"526":{"start":{"line":527,"column":0},"end":{"line":527,"column":13}},"527":{"start":{"line":528,"column":0},"end":{"line":528,"column":32}},"528":{"start":{"line":529,"column":0},"end":{"line":529,"column":16}},"529":{"start":{"line":530,"column":0},"end":{"line":530,"column":33}},"530":{"start":{"line":531,"column":0},"end":{"line":531,"column":9}},"531":{"start":{"line":532,"column":0},"end":{"line":532,"column":9}},"533":{"start":{"line":534,"column":0},"end":{"line":534,"column":70}},"534":{"start":{"line":535,"column":0},"end":{"line":535,"column":56}},"535":{"start":{"line":536,"column":0},"end":{"line":536,"column":7}},"537":{"start":{"line":538,"column":0},"end":{"line":538,"column":28}},"538":{"start":{"line":539,"column":0},"end":{"line":539,"column":3}},"539":{"start":{"line":540,"column":0},"end":{"line":540,"column":1}},"541":{"start":{"line":542,"column":0},"end":{"line":542,"column":60}}},"s":{"0":1,"1":1,"3":1,"4":1,"5":1,"6":1,"7":1,"9":1,"10":1,"11":1,"12":1,"13":1,"15":1,"16":1,"17":1,"18":1,"19":1,"20":1,"21":1,"22":1,"23":1,"24":2,"25":2,"26":2,"28":2,"29":2,"30":2,"31":2,"32":2,"33":1,"34":1,"35":1,"36":1,"37":1,"39":2,"41":2,"42":2,"43":2,"44":2,"45":111,"46":111,"48":2,"49":2,"50":2,"51":2,"52":2,"53":2,"54":3,"55":3,"56":3,"57":3,"58":3,"60":3,"61":3,"62":1,"63":1,"64":1,"65":1,"66":1,"67":1,"68":1,"70":2,"71":2,"72":2,"73":2,"74":1,"75":1,"76":1,"77":1,"78":1,"79":1,"80":1,"81":1,"82":1,"83":1,"84":1,"85":1,"86":1,"87":1,"88":1,"89":1,"90":1,"91":1,"92":1,"93":1,"94":0,"95":2,"96":2,"97":3,"99":2,"100":2,"101":2,"102":2,"103":2,"104":2,"105":4,"106":4,"108":4,"109":4,"110":4,"112":4,"113":4,"115":4,"116":4,"117":4,"118":4,"119":4,"120":4,"121":4,"122":4,"123":4,"124":4,"125":4,"126":4,"127":4,"128":4,"129":4,"130":4,"131":4,"132":4,"133":4,"135":4,"136":4,"138":2,"139":2,"140":2,"141":2,"142":2,"143":2,"144":2,"145":2,"146":69,"147":69,"148":69,"149":69,"151":2,"152":2,"153":2,"154":2,"155":2,"156":2,"157":2,"158":2,"159":2,"160":2,"161":2,"162":2,"163":2,"164":2,"165":2,"166":2,"167":2,"168":2,"169":2,"170":2,"171":2,"172":65,"173":65,"174":65,"175":65,"176":65,"177":65,"178":65,"179":65,"180":65,"181":65,"182":65,"183":65,"184":65,"185":65,"186":65,"187":65,"188":65,"189":65,"190":65,"192":65,"193":65,"194":65,"196":65,"198":65,"199":65,"200":65,"201":65,"202":3,"203":65,"204":62,"205":62,"207":62,"208":1,"209":62,"210":1,"211":61,"212":21,"213":21,"214":60,"215":39,"216":39,"217":62,"219":65,"220":65,"221":6,"222":6,"223":6,"224":6,"225":6,"227":59,"228":59,"230":65,"231":1,"232":1,"234":59,"235":65,"237":65,"238":65,"239":8,"240":8,"242":59,"243":59,"244":65,"245":65,"246":35,"247":65,"248":65,"250":65,"251":65,"252":65,"253":35,"254":65,"255":65,"257":65,"258":65,"259":65,"260":65,"261":65,"262":6,"263":65,"264":65,"265":65,"266":65,"267":65,"268":6,"269":65,"271":65,"273":65,"275":65,"276":65,"277":65,"278":65,"279":65,"280":65,"281":65,"283":65,"284":65,"285":65,"286":65,"287":65,"288":65,"289":65,"291":65,"292":65,"294":65,"295":65,"296":59,"297":59,"299":65,"300":36,"301":36,"302":2,"303":2,"304":36,"305":34,"306":34,"307":34,"308":33,"309":33,"310":34,"311":1,"312":1,"313":1,"314":65,"315":23,"316":23,"317":7,"318":7,"319":23,"320":16,"321":16,"322":16,"323":1,"324":1,"325":16,"326":15,"327":15,"328":15,"329":1,"330":1,"331":15,"332":14,"333":14,"334":14,"335":7,"336":7,"337":7,"338":7,"339":7,"340":7,"341":3,"342":3,"343":7,"344":4,"345":4,"346":4,"347":23,"348":65,"350":65,"351":65,"352":65,"353":65,"354":65,"355":65,"356":65,"357":65,"358":65,"359":65,"360":65,"361":65,"362":65,"363":65,"364":65,"365":65,"366":65,"367":65,"368":65,"369":65,"370":65,"371":65,"372":65,"373":65,"374":65,"375":65,"376":65,"377":65,"378":65,"379":65,"380":65,"381":65,"382":65,"383":65,"384":65,"385":65,"386":65,"387":65,"388":65,"389":65,"390":65,"391":65,"392":65,"393":65,"395":65,"396":65,"398":2,"399":2,"400":2,"401":2,"402":2,"403":2,"404":2,"405":129,"406":2,"407":2,"408":129,"409":79,"410":79,"411":79,"412":48,"413":97,"414":47,"415":47,"416":1,"417":129,"419":2,"420":2,"421":2,"422":2,"423":2,"424":2,"425":2,"426":12,"427":12,"429":12,"430":12,"431":12,"432":12,"433":12,"435":12,"436":12,"437":12,"439":12,"440":12,"441":12,"442":2,"443":12,"445":2,"446":2,"447":2,"448":2,"449":2,"450":2,"451":72,"452":72,"454":2,"455":2,"456":2,"457":2,"458":2,"459":2,"460":78,"461":78,"462":78,"463":78,"464":78,"466":78,"467":78,"468":78,"469":78,"470":78,"471":78,"472":78,"473":78,"474":78,"475":78,"476":78,"477":78,"478":78,"479":78,"481":78,"482":3,"483":3,"484":3,"485":3,"486":3,"487":3,"488":3,"490":75,"491":75,"492":241,"493":241,"495":241,"496":241,"498":241,"499":1,"500":1,"502":240,"503":240,"504":241,"505":241,"506":241,"507":240,"509":240,"510":241,"511":1,"512":1,"514":240,"515":241,"516":180,"517":180,"519":240,"520":241,"521":66,"522":66,"523":66,"524":66,"525":66,"526":66,"527":66,"528":241,"529":174,"530":174,"531":240,"533":240,"534":240,"535":75,"537":75,"538":78,"539":2,"541":1},"branchMap":{"0":{"type":"branch","line":24,"loc":{"start":{"line":24,"column":48},"end":{"line":540,"column":1}},"locations":[{"start":{"line":24,"column":48},"end":{"line":540,"column":1}}]},"1":{"type":"branch","line":33,"loc":{"start":{"line":33,"column":9},"end":{"line":38,"column":3}},"locations":[{"start":{"line":33,"column":9},"end":{"line":38,"column":3}}]},"2":{"type":"branch","line":45,"loc":{"start":{"line":45,"column":2},"end":{"line":47,"column":3}},"locations":[{"start":{"line":45,"column":2},"end":{"line":47,"column":3}}]},"3":{"type":"branch","line":54,"loc":{"start":{"line":54,"column":2},"end":{"line":98,"column":3}},"locations":[{"start":{"line":54,"column":2},"end":{"line":98,"column":3}}]},"4":{"type":"branch","line":58,"loc":{"start":{"line":58,"column":6},"end":{"line":58,"column":39}},"locations":[{"start":{"line":58,"column":6},"end":{"line":58,"column":39}}]},"5":{"type":"branch","line":62,"loc":{"start":{"line":62,"column":14},"end":{"line":62,"column":47}},"locations":[{"start":{"line":62,"column":14},"end":{"line":62,"column":47}}]},"6":{"type":"branch","line":62,"loc":{"start":{"line":62,"column":49},"end":{"line":69,"column":5}},"locations":[{"start":{"line":62,"column":49},"end":{"line":69,"column":5}}]},"7":{"type":"branch","line":69,"loc":{"start":{"line":69,"column":4},"end":{"line":98,"column":2}},"locations":[{"start":{"line":69,"column":4},"end":{"line":98,"column":2}}]},"8":{"type":"branch","line":73,"loc":{"start":{"line":73,"column":32},"end":{"line":96,"column":7}},"locations":[{"start":{"line":73,"column":32},"end":{"line":96,"column":7}}]},"9":{"type":"branch","line":74,"loc":{"start":{"line":74,"column":33},"end":{"line":94,"column":9}},"locations":[{"start":{"line":74,"column":33},"end":{"line":94,"column":9}}]},"10":{"type":"branch","line":79,"loc":{"start":{"line":79,"column":43},"end":{"line":79,"column":55}},"locations":[{"start":{"line":79,"column":43},"end":{"line":79,"column":55}}]},"11":{"type":"branch","line":89,"loc":{"start":{"line":89,"column":45},"end":{"line":89,"column":57}},"locations":[{"start":{"line":89,"column":45},"end":{"line":89,"column":57}}]},"12":{"type":"branch","line":94,"loc":{"start":{"line":94,"column":8},"end":{"line":96,"column":6}},"locations":[{"start":{"line":94,"column":8},"end":{"line":96,"column":6}}]},"13":{"type":"branch","line":105,"loc":{"start":{"line":105,"column":2},"end":{"line":137,"column":3}},"locations":[{"start":{"line":105,"column":2},"end":{"line":137,"column":3}}]},"14":{"type":"branch","line":109,"loc":{"start":{"line":109,"column":43},"end":{"line":134,"column":5}},"locations":[{"start":{"line":109,"column":43},"end":{"line":134,"column":5}}]},"15":{"type":"branch","line":111,"loc":{"start":{"line":111,"column":71},"end":{"line":111,"column":88}},"locations":[{"start":{"line":111,"column":71},"end":{"line":111,"column":88}}]},"16":{"type":"branch","line":113,"loc":{"start":{"line":113,"column":26},"end":{"line":133,"column":7}},"locations":[{"start":{"line":113,"column":26},"end":{"line":133,"column":7}}]},"17":{"type":"branch","line":146,"loc":{"start":{"line":146,"column":2},"end":{"line":150,"column":3}},"locations":[{"start":{"line":146,"column":2},"end":{"line":150,"column":3}}]},"18":{"type":"branch","line":147,"loc":{"start":{"line":147,"column":47},"end":{"line":147,"column":54}},"locations":[{"start":{"line":147,"column":47},"end":{"line":147,"column":54}}]},"19":{"type":"branch","line":172,"loc":{"start":{"line":172,"column":2},"end":{"line":397,"column":3}},"locations":[{"start":{"line":172,"column":2},"end":{"line":397,"column":3}}]},"20":{"type":"branch","line":191,"loc":{"start":{"line":191,"column":48},"end":{"line":191,"column":53}},"locations":[{"start":{"line":191,"column":48},"end":{"line":191,"column":53}}]},"21":{"type":"branch","line":197,"loc":{"start":{"line":197,"column":46},"end":{"line":197,"column":53}},"locations":[{"start":{"line":197,"column":46},"end":{"line":197,"column":53}}]},"22":{"type":"branch","line":197,"loc":{"start":{"line":197,"column":54},"end":{"line":197,"column":68}},"locations":[{"start":{"line":197,"column":54},"end":{"line":197,"column":68}}]},"23":{"type":"branch","line":202,"loc":{"start":{"line":202,"column":36},"end":{"line":204,"column":5}},"locations":[{"start":{"line":202,"column":36},"end":{"line":204,"column":5}}]},"24":{"type":"branch","line":204,"loc":{"start":{"line":204,"column":5},"end":{"line":218,"column":5}},"locations":[{"start":{"line":204,"column":5},"end":{"line":218,"column":5}}]},"25":{"type":"branch","line":205,"loc":{"start":{"line":205,"column":30},"end":{"line":205,"column":35}},"locations":[{"start":{"line":205,"column":30},"end":{"line":205,"column":35}}]},"26":{"type":"branch","line":206,"loc":{"start":{"line":206,"column":36},"end":{"line":206,"column":41}},"locations":[{"start":{"line":206,"column":36},"end":{"line":206,"column":41}}]},"27":{"type":"branch","line":208,"loc":{"start":{"line":208,"column":33},"end":{"line":210,"column":7}},"locations":[{"start":{"line":208,"column":33},"end":{"line":210,"column":7}}]},"28":{"type":"branch","line":210,"loc":{"start":{"line":210,"column":7},"end":{"line":217,"column":7}},"locations":[{"start":{"line":210,"column":7},"end":{"line":217,"column":7}}]},"29":{"type":"branch","line":210,"loc":{"start":{"line":210,"column":30},"end":{"line":212,"column":7}},"locations":[{"start":{"line":210,"column":30},"end":{"line":212,"column":7}}]},"30":{"type":"branch","line":212,"loc":{"start":{"line":212,"column":7},"end":{"line":217,"column":7}},"locations":[{"start":{"line":212,"column":7},"end":{"line":217,"column":7}}]},"31":{"type":"branch","line":212,"loc":{"start":{"line":212,"column":28},"end":{"line":212,"column":61}},"locations":[{"start":{"line":212,"column":28},"end":{"line":212,"column":61}}]},"32":{"type":"branch","line":212,"loc":{"start":{"line":212,"column":62},"end":{"line":212,"column":94}},"locations":[{"start":{"line":212,"column":62},"end":{"line":212,"column":94}}]},"33":{"type":"branch","line":212,"loc":{"start":{"line":212,"column":96},"end":{"line":215,"column":7}},"locations":[{"start":{"line":212,"column":96},"end":{"line":215,"column":7}}]},"34":{"type":"branch","line":215,"loc":{"start":{"line":215,"column":7},"end":{"line":217,"column":7}},"locations":[{"start":{"line":215,"column":7},"end":{"line":217,"column":7}}]},"35":{"type":"branch","line":221,"loc":{"start":{"line":221,"column":70},"end":{"line":226,"column":5}},"locations":[{"start":{"line":221,"column":70},"end":{"line":226,"column":5}}]},"36":{"type":"branch","line":226,"loc":{"start":{"line":226,"column":4},"end":{"line":231,"column":42}},"locations":[{"start":{"line":226,"column":4},"end":{"line":231,"column":42}}]},"37":{"type":"branch","line":231,"loc":{"start":{"line":231,"column":42},"end":{"line":233,"column":5}},"locations":[{"start":{"line":231,"column":42},"end":{"line":233,"column":5}}]},"38":{"type":"branch","line":233,"loc":{"start":{"line":233,"column":4},"end":{"line":236,"column":45}},"locations":[{"start":{"line":233,"column":4},"end":{"line":236,"column":45}}]},"39":{"type":"branch","line":236,"loc":{"start":{"line":236,"column":45},"end":{"line":236,"column":79}},"locations":[{"start":{"line":236,"column":45},"end":{"line":236,"column":79}}]},"40":{"type":"branch","line":236,"loc":{"start":{"line":236,"column":52},"end":{"line":236,"column":73}},"locations":[{"start":{"line":236,"column":52},"end":{"line":236,"column":73}}]},"41":{"type":"branch","line":236,"loc":{"start":{"line":236,"column":74},"end":{"line":236,"column":79}},"locations":[{"start":{"line":236,"column":74},"end":{"line":236,"column":79}}]},"42":{"type":"branch","line":236,"loc":{"start":{"line":236,"column":80},"end":{"line":236,"column":84}},"locations":[{"start":{"line":236,"column":80},"end":{"line":236,"column":84}}]},"43":{"type":"branch","line":239,"loc":{"start":{"line":239,"column":18},"end":{"line":241,"column":5}},"locations":[{"start":{"line":239,"column":18},"end":{"line":241,"column":5}}]},"44":{"type":"branch","line":240,"loc":{"start":{"line":240,"column":37},"end":{"line":240,"column":62}},"locations":[{"start":{"line":240,"column":37},"end":{"line":240,"column":62}}]},"45":{"type":"branch","line":241,"loc":{"start":{"line":241,"column":4},"end":{"line":245,"column":31}},"locations":[{"start":{"line":241,"column":4},"end":{"line":245,"column":31}}]},"46":{"type":"branch","line":245,"loc":{"start":{"line":245,"column":31},"end":{"line":246,"column":34}},"locations":[{"start":{"line":245,"column":31},"end":{"line":246,"column":34}}]},"47":{"type":"branch","line":246,"loc":{"start":{"line":246,"column":35},"end":{"line":247,"column":60}},"locations":[{"start":{"line":246,"column":35},"end":{"line":247,"column":60}}]},"48":{"type":"branch","line":248,"loc":{"start":{"line":248,"column":8},"end":{"line":248,"column":56}},"locations":[{"start":{"line":248,"column":8},"end":{"line":248,"column":56}}]},"49":{"type":"branch","line":249,"loc":{"start":{"line":249,"column":8},"end":{"line":249,"column":23}},"locations":[{"start":{"line":249,"column":8},"end":{"line":249,"column":23}}]},"50":{"type":"branch","line":252,"loc":{"start":{"line":252,"column":31},"end":{"line":253,"column":34}},"locations":[{"start":{"line":252,"column":31},"end":{"line":253,"column":34}}]},"51":{"type":"branch","line":253,"loc":{"start":{"line":253,"column":35},"end":{"line":254,"column":60}},"locations":[{"start":{"line":253,"column":35},"end":{"line":254,"column":60}}]},"52":{"type":"branch","line":255,"loc":{"start":{"line":255,"column":8},"end":{"line":255,"column":56}},"locations":[{"start":{"line":255,"column":8},"end":{"line":255,"column":56}}]},"53":{"type":"branch","line":256,"loc":{"start":{"line":256,"column":8},"end":{"line":256,"column":23}},"locations":[{"start":{"line":256,"column":8},"end":{"line":256,"column":23}}]},"54":{"type":"branch","line":261,"loc":{"start":{"line":261,"column":8},"end":{"line":261,"column":30}},"locations":[{"start":{"line":261,"column":8},"end":{"line":261,"column":30}}]},"55":{"type":"branch","line":262,"loc":{"start":{"line":262,"column":8},"end":{"line":264,"column":25}},"locations":[{"start":{"line":262,"column":8},"end":{"line":264,"column":25}}]},"56":{"type":"branch","line":263,"loc":{"start":{"line":263,"column":10},"end":{"line":263,"column":46}},"locations":[{"start":{"line":263,"column":10},"end":{"line":263,"column":46}}]},"57":{"type":"branch","line":264,"loc":{"start":{"line":264,"column":10},"end":{"line":264,"column":25}},"locations":[{"start":{"line":264,"column":10},"end":{"line":264,"column":25}}]},"58":{"type":"branch","line":267,"loc":{"start":{"line":267,"column":8},"end":{"line":267,"column":35}},"locations":[{"start":{"line":267,"column":8},"end":{"line":267,"column":35}}]},"59":{"type":"branch","line":268,"loc":{"start":{"line":268,"column":8},"end":{"line":270,"column":15}},"locations":[{"start":{"line":268,"column":8},"end":{"line":270,"column":15}}]},"60":{"type":"branch","line":269,"loc":{"start":{"line":269,"column":10},"end":{"line":269,"column":42}},"locations":[{"start":{"line":269,"column":10},"end":{"line":269,"column":42}}]},"61":{"type":"branch","line":270,"loc":{"start":{"line":270,"column":10},"end":{"line":270,"column":15}},"locations":[{"start":{"line":270,"column":10},"end":{"line":270,"column":15}}]},"62":{"type":"branch","line":277,"loc":{"start":{"line":277,"column":45},"end":{"line":277,"column":64}},"locations":[{"start":{"line":277,"column":45},"end":{"line":277,"column":64}}]},"63":{"type":"branch","line":277,"loc":{"start":{"line":277,"column":65},"end":{"line":277,"column":76}},"locations":[{"start":{"line":277,"column":65},"end":{"line":277,"column":76}}]},"64":{"type":"branch","line":292,"loc":{"start":{"line":292,"column":51},"end":{"line":292,"column":56}},"locations":[{"start":{"line":292,"column":51},"end":{"line":292,"column":56}}]},"65":{"type":"branch","line":292,"loc":{"start":{"line":292,"column":57},"end":{"line":292,"column":61}},"locations":[{"start":{"line":292,"column":57},"end":{"line":292,"column":61}}]},"66":{"type":"branch","line":296,"loc":{"start":{"line":296,"column":32},"end":{"line":300,"column":29}},"locations":[{"start":{"line":296,"column":32},"end":{"line":300,"column":29}}]},"67":{"type":"branch","line":300,"loc":{"start":{"line":300,"column":29},"end":{"line":315,"column":5}},"locations":[{"start":{"line":300,"column":29},"end":{"line":315,"column":5}}]},"68":{"type":"branch","line":302,"loc":{"start":{"line":302,"column":69},"end":{"line":305,"column":7}},"locations":[{"start":{"line":302,"column":69},"end":{"line":305,"column":7}}]},"69":{"type":"branch","line":303,"loc":{"start":{"line":303,"column":87},"end":{"line":303,"column":91}},"locations":[{"start":{"line":303,"column":87},"end":{"line":303,"column":91}}]},"70":{"type":"branch","line":305,"loc":{"start":{"line":305,"column":7},"end":{"line":314,"column":7}},"locations":[{"start":{"line":305,"column":7},"end":{"line":314,"column":7}}]},"71":{"type":"branch","line":308,"loc":{"start":{"line":308,"column":8},"end":{"line":311,"column":7}},"locations":[{"start":{"line":308,"column":8},"end":{"line":311,"column":7}}]},"72":{"type":"branch","line":309,"loc":{"start":{"line":309,"column":87},"end":{"line":309,"column":91}},"locations":[{"start":{"line":309,"column":87},"end":{"line":309,"column":91}}]},"73":{"type":"branch","line":311,"loc":{"start":{"line":311,"column":7},"end":{"line":314,"column":7}},"locations":[{"start":{"line":311,"column":7},"end":{"line":314,"column":7}}]},"74":{"type":"branch","line":312,"loc":{"start":{"line":312,"column":87},"end":{"line":312,"column":91}},"locations":[{"start":{"line":312,"column":87},"end":{"line":312,"column":91}}]},"75":{"type":"branch","line":315,"loc":{"start":{"line":315,"column":5},"end":{"line":348,"column":5}},"locations":[{"start":{"line":315,"column":5},"end":{"line":348,"column":5}}]},"76":{"type":"branch","line":317,"loc":{"start":{"line":317,"column":69},"end":{"line":320,"column":7}},"locations":[{"start":{"line":317,"column":69},"end":{"line":320,"column":7}}]},"77":{"type":"branch","line":318,"loc":{"start":{"line":318,"column":87},"end":{"line":318,"column":91}},"locations":[{"start":{"line":318,"column":87},"end":{"line":318,"column":91}}]},"78":{"type":"branch","line":320,"loc":{"start":{"line":320,"column":7},"end":{"line":347,"column":7}},"locations":[{"start":{"line":320,"column":7},"end":{"line":347,"column":7}}]},"79":{"type":"branch","line":323,"loc":{"start":{"line":323,"column":8},"end":{"line":326,"column":7}},"locations":[{"start":{"line":323,"column":8},"end":{"line":326,"column":7}}]},"80":{"type":"branch","line":324,"loc":{"start":{"line":324,"column":87},"end":{"line":324,"column":91}},"locations":[{"start":{"line":324,"column":87},"end":{"line":324,"column":91}}]},"81":{"type":"branch","line":326,"loc":{"start":{"line":326,"column":7},"end":{"line":347,"column":7}},"locations":[{"start":{"line":326,"column":7},"end":{"line":347,"column":7}}]},"82":{"type":"branch","line":329,"loc":{"start":{"line":329,"column":8},"end":{"line":332,"column":7}},"locations":[{"start":{"line":329,"column":8},"end":{"line":332,"column":7}}]},"83":{"type":"branch","line":330,"loc":{"start":{"line":330,"column":87},"end":{"line":330,"column":91}},"locations":[{"start":{"line":330,"column":87},"end":{"line":330,"column":91}}]},"84":{"type":"branch","line":332,"loc":{"start":{"line":332,"column":7},"end":{"line":347,"column":7}},"locations":[{"start":{"line":332,"column":7},"end":{"line":347,"column":7}}]},"85":{"type":"branch","line":335,"loc":{"start":{"line":335,"column":8},"end":{"line":347,"column":7}},"locations":[{"start":{"line":335,"column":8},"end":{"line":347,"column":7}}]},"86":{"type":"branch","line":336,"loc":{"start":{"line":336,"column":51},"end":{"line":336,"column":86}},"locations":[{"start":{"line":336,"column":51},"end":{"line":336,"column":86}}]},"87":{"type":"branch","line":336,"loc":{"start":{"line":336,"column":87},"end":{"line":336,"column":91}},"locations":[{"start":{"line":336,"column":87},"end":{"line":336,"column":91}}]},"88":{"type":"branch","line":341,"loc":{"start":{"line":341,"column":8},"end":{"line":344,"column":7}},"locations":[{"start":{"line":341,"column":8},"end":{"line":344,"column":7}}]},"89":{"type":"branch","line":342,"loc":{"start":{"line":342,"column":87},"end":{"line":342,"column":91}},"locations":[{"start":{"line":342,"column":87},"end":{"line":342,"column":91}}]},"90":{"type":"branch","line":344,"loc":{"start":{"line":344,"column":7},"end":{"line":347,"column":7}},"locations":[{"start":{"line":344,"column":7},"end":{"line":347,"column":7}}]},"91":{"type":"branch","line":345,"loc":{"start":{"line":345,"column":51},"end":{"line":345,"column":86}},"locations":[{"start":{"line":345,"column":51},"end":{"line":345,"column":86}}]},"92":{"type":"branch","line":345,"loc":{"start":{"line":345,"column":87},"end":{"line":345,"column":91}},"locations":[{"start":{"line":345,"column":87},"end":{"line":345,"column":91}}]},"93":{"type":"branch","line":348,"loc":{"start":{"line":348,"column":4},"end":{"line":349,"column":51}},"locations":[{"start":{"line":348,"column":4},"end":{"line":349,"column":51}}]},"94":{"type":"branch","line":349,"loc":{"start":{"line":349,"column":51},"end":{"line":349,"column":68}},"locations":[{"start":{"line":349,"column":51},"end":{"line":349,"column":68}}]},"95":{"type":"branch","line":349,"loc":{"start":{"line":349,"column":69},"end":{"line":349,"column":81}},"locations":[{"start":{"line":349,"column":69},"end":{"line":349,"column":81}}]},"96":{"type":"branch","line":381,"loc":{"start":{"line":381,"column":58},"end":{"line":381,"column":76}},"locations":[{"start":{"line":381,"column":58},"end":{"line":381,"column":76}}]},"97":{"type":"branch","line":381,"loc":{"start":{"line":381,"column":77},"end":{"line":381,"column":94}},"locations":[{"start":{"line":381,"column":77},"end":{"line":381,"column":94}}]},"98":{"type":"branch","line":382,"loc":{"start":{"line":382,"column":50},"end":{"line":382,"column":59}},"locations":[{"start":{"line":382,"column":50},"end":{"line":382,"column":59}}]},"99":{"type":"branch","line":382,"loc":{"start":{"line":382,"column":60},"end":{"line":382,"column":68}},"locations":[{"start":{"line":382,"column":60},"end":{"line":382,"column":68}}]},"100":{"type":"branch","line":384,"loc":{"start":{"line":384,"column":31},"end":{"line":384,"column":62}},"locations":[{"start":{"line":384,"column":31},"end":{"line":384,"column":62}}]},"101":{"type":"branch","line":384,"loc":{"start":{"line":384,"column":63},"end":{"line":384,"column":92}},"locations":[{"start":{"line":384,"column":63},"end":{"line":384,"column":92}}]},"102":{"type":"branch","line":386,"loc":{"start":{"line":386,"column":31},"end":{"line":386,"column":62}},"locations":[{"start":{"line":386,"column":31},"end":{"line":386,"column":62}}]},"103":{"type":"branch","line":386,"loc":{"start":{"line":386,"column":63},"end":{"line":386,"column":92}},"locations":[{"start":{"line":386,"column":63},"end":{"line":386,"column":92}}]},"104":{"type":"branch","line":389,"loc":{"start":{"line":389,"column":8},"end":{"line":389,"column":43}},"locations":[{"start":{"line":389,"column":8},"end":{"line":389,"column":43}}]},"105":{"type":"branch","line":390,"loc":{"start":{"line":390,"column":8},"end":{"line":390,"column":41}},"locations":[{"start":{"line":390,"column":8},"end":{"line":390,"column":41}}]},"106":{"type":"branch","line":393,"loc":{"start":{"line":393,"column":8},"end":{"line":393,"column":43}},"locations":[{"start":{"line":393,"column":8},"end":{"line":393,"column":43}}]},"107":{"type":"branch","line":394,"loc":{"start":{"line":394,"column":8},"end":{"line":394,"column":41}},"locations":[{"start":{"line":394,"column":8},"end":{"line":394,"column":41}}]},"108":{"type":"branch","line":405,"loc":{"start":{"line":405,"column":2},"end":{"line":418,"column":3}},"locations":[{"start":{"line":405,"column":2},"end":{"line":418,"column":3}}]},"109":{"type":"branch","line":406,"loc":{"start":{"line":406,"column":29},"end":{"line":406,"column":47}},"locations":[{"start":{"line":406,"column":29},"end":{"line":406,"column":47}}]},"110":{"type":"branch","line":406,"loc":{"start":{"line":406,"column":49},"end":{"line":408,"column":5}},"locations":[{"start":{"line":406,"column":49},"end":{"line":408,"column":5}}]},"111":{"type":"branch","line":408,"loc":{"start":{"line":408,"column":4},"end":{"line":409,"column":39}},"locations":[{"start":{"line":408,"column":4},"end":{"line":409,"column":39}}]},"112":{"type":"branch","line":409,"loc":{"start":{"line":409,"column":39},"end":{"line":416,"column":5}},"locations":[{"start":{"line":409,"column":39},"end":{"line":416,"column":5}}]},"113":{"type":"branch","line":409,"loc":{"start":{"line":409,"column":39},"end":{"line":412,"column":5}},"locations":[{"start":{"line":409,"column":39},"end":{"line":412,"column":5}}]},"114":{"type":"branch","line":412,"loc":{"start":{"line":412,"column":4},"end":{"line":414,"column":27}},"locations":[{"start":{"line":412,"column":4},"end":{"line":414,"column":27}}]},"115":{"type":"branch","line":414,"loc":{"start":{"line":414,"column":27},"end":{"line":416,"column":5}},"locations":[{"start":{"line":414,"column":27},"end":{"line":416,"column":5}}]},"116":{"type":"branch","line":415,"loc":{"start":{"line":415,"column":38},"end":{"line":415,"column":42}},"locations":[{"start":{"line":415,"column":38},"end":{"line":415,"column":42}}]},"117":{"type":"branch","line":416,"loc":{"start":{"line":416,"column":4},"end":{"line":418,"column":2}},"locations":[{"start":{"line":416,"column":4},"end":{"line":418,"column":2}}]},"118":{"type":"branch","line":426,"loc":{"start":{"line":426,"column":2},"end":{"line":444,"column":3}},"locations":[{"start":{"line":426,"column":2},"end":{"line":444,"column":3}}]},"119":{"type":"branch","line":440,"loc":{"start":{"line":440,"column":21},"end":{"line":440,"column":44}},"locations":[{"start":{"line":440,"column":21},"end":{"line":440,"column":44}}]},"120":{"type":"branch","line":440,"loc":{"start":{"line":440,"column":43},"end":{"line":441,"column":22}},"locations":[{"start":{"line":440,"column":43},"end":{"line":441,"column":22}}]},"121":{"type":"branch","line":441,"loc":{"start":{"line":441,"column":22},"end":{"line":441,"column":51}},"locations":[{"start":{"line":441,"column":22},"end":{"line":441,"column":51}}]},"122":{"type":"branch","line":441,"loc":{"start":{"line":441,"column":50},"end":{"line":442,"column":20}},"locations":[{"start":{"line":441,"column":50},"end":{"line":442,"column":20}}]},"123":{"type":"branch","line":442,"loc":{"start":{"line":442,"column":20},"end":{"line":442,"column":45}},"locations":[{"start":{"line":442,"column":20},"end":{"line":442,"column":45}}]},"124":{"type":"branch","line":442,"loc":{"start":{"line":442,"column":44},"end":{"line":444,"column":2}},"locations":[{"start":{"line":442,"column":44},"end":{"line":444,"column":2}}]},"125":{"type":"branch","line":430,"loc":{"start":{"line":430,"column":14},"end":{"line":434,"column":5}},"locations":[{"start":{"line":430,"column":14},"end":{"line":434,"column":5}}]},"126":{"type":"branch","line":431,"loc":{"start":{"line":431,"column":37},"end":{"line":431,"column":45}},"locations":[{"start":{"line":431,"column":37},"end":{"line":431,"column":45}}]},"127":{"type":"branch","line":431,"loc":{"start":{"line":431,"column":46},"end":{"line":431,"column":61}},"locations":[{"start":{"line":431,"column":46},"end":{"line":431,"column":61}}]},"128":{"type":"branch","line":451,"loc":{"start":{"line":451,"column":2},"end":{"line":453,"column":3}},"locations":[{"start":{"line":451,"column":2},"end":{"line":453,"column":3}}]},"129":{"type":"branch","line":460,"loc":{"start":{"line":460,"column":2},"end":{"line":539,"column":3}},"locations":[{"start":{"line":460,"column":2},"end":{"line":539,"column":3}}]},"130":{"type":"branch","line":472,"loc":{"start":{"line":472,"column":27},"end":{"line":472,"column":32}},"locations":[{"start":{"line":472,"column":27},"end":{"line":472,"column":32}}]},"131":{"type":"branch","line":476,"loc":{"start":{"line":476,"column":26},"end":{"line":476,"column":31}},"locations":[{"start":{"line":476,"column":26},"end":{"line":476,"column":31}}]},"132":{"type":"branch","line":482,"loc":{"start":{"line":482,"column":25},"end":{"line":489,"column":5}},"locations":[{"start":{"line":482,"column":25},"end":{"line":489,"column":5}}]},"133":{"type":"branch","line":489,"loc":{"start":{"line":489,"column":4},"end":{"line":539,"column":2}},"locations":[{"start":{"line":489,"column":4},"end":{"line":539,"column":2}}]},"134":{"type":"branch","line":492,"loc":{"start":{"line":492,"column":43},"end":{"line":536,"column":5}},"locations":[{"start":{"line":492,"column":43},"end":{"line":536,"column":5}}]},"135":{"type":"branch","line":497,"loc":{"start":{"line":497,"column":54},"end":{"line":497,"column":73}},"locations":[{"start":{"line":497,"column":54},"end":{"line":497,"column":73}}]},"136":{"type":"branch","line":497,"loc":{"start":{"line":497,"column":74},"end":{"line":497,"column":97}},"locations":[{"start":{"line":497,"column":74},"end":{"line":497,"column":97}}]},"137":{"type":"branch","line":499,"loc":{"start":{"line":499,"column":36},"end":{"line":501,"column":7}},"locations":[{"start":{"line":499,"column":36},"end":{"line":501,"column":7}}]},"138":{"type":"branch","line":501,"loc":{"start":{"line":501,"column":6},"end":{"line":536,"column":4}},"locations":[{"start":{"line":501,"column":6},"end":{"line":536,"column":4}}]},"139":{"type":"branch","line":504,"loc":{"start":{"line":504,"column":48},"end":{"line":508,"column":8}},"locations":[{"start":{"line":504,"column":48},"end":{"line":508,"column":8}}]},"140":{"type":"branch","line":510,"loc":{"start":{"line":510,"column":32},"end":{"line":532,"column":7}},"locations":[{"start":{"line":510,"column":32},"end":{"line":532,"column":7}}]},"141":{"type":"branch","line":511,"loc":{"start":{"line":511,"column":28},"end":{"line":513,"column":9}},"locations":[{"start":{"line":511,"column":28},"end":{"line":513,"column":9}}]},"142":{"type":"branch","line":513,"loc":{"start":{"line":513,"column":8},"end":{"line":516,"column":38}},"locations":[{"start":{"line":513,"column":8},"end":{"line":516,"column":38}}]},"143":{"type":"branch","line":516,"loc":{"start":{"line":516,"column":38},"end":{"line":518,"column":9}},"locations":[{"start":{"line":516,"column":38},"end":{"line":518,"column":9}}]},"144":{"type":"branch","line":518,"loc":{"start":{"line":518,"column":8},"end":{"line":521,"column":53}},"locations":[{"start":{"line":518,"column":8},"end":{"line":521,"column":53}}]},"145":{"type":"branch","line":521,"loc":{"start":{"line":521,"column":53},"end":{"line":529,"column":9}},"locations":[{"start":{"line":521,"column":53},"end":{"line":529,"column":9}}]},"146":{"type":"branch","line":529,"loc":{"start":{"line":529,"column":9},"end":{"line":531,"column":9}},"locations":[{"start":{"line":529,"column":9},"end":{"line":531,"column":9}}]}},"b":{"0":[2],"1":[1],"2":[111],"3":[3],"4":[0],"5":[2],"6":[1],"7":[2],"8":[2],"9":[1],"10":[0],"11":[0],"12":[0],"13":[4],"14":[4],"15":[0],"16":[4],"17":[69],"18":[0],"19":[65],"20":[0],"21":[47],"22":[18],"23":[3],"24":[62],"25":[40],"26":[61],"27":[1],"28":[61],"29":[1],"30":[60],"31":[21],"32":[21],"33":[21],"34":[39],"35":[6],"36":[59],"37":[1],"38":[59],"39":[54],"40":[1],"41":[1],"42":[5],"43":[8],"44":[0],"45":[59],"46":[51],"47":[35],"48":[35],"49":[24],"50":[51],"51":[35],"52":[35],"53":[24],"54":[53],"55":[6],"56":[1],"57":[5],"58":[53],"59":[6],"60":[1],"61":[5],"62":[52],"63":[7],"64":[53],"65":[6],"66":[59],"67":[36],"68":[2],"69":[0],"70":[34],"71":[33],"72":[0],"73":[1],"74":[0],"75":[23],"76":[7],"77":[0],"78":[16],"79":[1],"80":[0],"81":[15],"82":[1],"83":[0],"84":[14],"85":[7],"86":[2],"87":[5],"88":[3],"89":[0],"90":[4],"91":[3],"92":[1],"93":[59],"94":[33],"95":[26],"96":[9],"97":[50],"98":[9],"99":[50],"100":[9],"101":[50],"102":[9],"103":[50],"104":[9],"105":[50],"106":[9],"107":[50],"108":[129],"109":[128],"110":[2],"111":[127],"112":[97],"113":[79],"114":[48],"115":[47],"116":[0],"117":[1],"118":[12],"119":[2],"120":[10],"121":[4],"122":[6],"123":[4],"124":[2],"125":[12],"126":[5],"127":[7],"128":[72],"129":[78],"130":[13],"131":[36],"132":[3],"133":[75],"134":[241],"135":[3],"136":[238],"137":[1],"138":[240],"139":[241],"140":[241],"141":[1],"142":[240],"143":[180],"144":[240],"145":[66],"146":[174]},"fnMap":{"0":{"name":"<static_initializer>","decl":{"start":{"line":24,"column":48},"end":{"line":540,"column":1}},"loc":{"start":{"line":24,"column":48},"end":{"line":540,"column":1}},"line":24},"1":{"name":"get properties","decl":{"start":{"line":33,"column":9},"end":{"line":38,"column":3}},"loc":{"start":{"line":33,"column":9},"end":{"line":38,"column":3}},"line":33},"2":{"name":"PoolMonitorCard","decl":{"start":{"line":45,"column":2},"end":{"line":47,"column":3}},"loc":{"start":{"line":45,"column":2},"end":{"line":47,"column":3}},"line":45},"3":{"name":"render","decl":{"start":{"line":54,"column":2},"end":{"line":98,"column":3}},"loc":{"start":{"line":54,"column":2},"end":{"line":98,"column":3}},"line":54},"4":{"name":"processData","decl":{"start":{"line":105,"column":2},"end":{"line":137,"column":3}},"loc":{"start":{"line":105,"column":2},"end":{"line":137,"column":3}},"line":105},"5":{"name":"getTranslatedText","decl":{"start":{"line":146,"column":2},"end":{"line":150,"column":3}},"loc":{"start":{"line":146,"column":2},"end":{"line":150,"column":3}},"line":146},"6":{"name":"calculateData","decl":{"start":{"line":172,"column":2},"end":{"line":397,"column":3}},"loc":{"start":{"line":172,"column":2},"end":{"line":397,"column":3}},"line":172},"7":{"name":"countDecimals","decl":{"start":{"line":405,"column":2},"end":{"line":418,"column":3}},"loc":{"start":{"line":405,"column":2},"end":{"line":418,"column":3}},"line":405},"8":{"name":"timeFromNow","decl":{"start":{"line":426,"column":2},"end":{"line":444,"column":3}},"loc":{"start":{"line":426,"column":2},"end":{"line":444,"column":3}},"line":426},"9":{"name":"t","decl":{"start":{"line":430,"column":14},"end":{"line":434,"column":5}},"loc":{"start":{"line":430,"column":14},"end":{"line":434,"column":5}},"line":430},"10":{"name":"getConfig","decl":{"start":{"line":451,"column":2},"end":{"line":453,"column":3}},"loc":{"start":{"line":451,"column":2},"end":{"line":453,"column":3}},"line":451},"11":{"name":"setConfig","decl":{"start":{"line":460,"column":2},"end":{"line":539,"column":3}},"loc":{"start":{"line":460,"column":2},"end":{"line":539,"column":3}},"line":460}},"f":{"0":2,"1":1,"2":111,"3":3,"4":4,"5":69,"6":65,"7":129,"8":12,"9":12,"10":72,"11":78}}
,"D:\\Dev\\HomeAssistant\\pool-monitor-card\\src\\components\\card-content.js": {"path":"D:\\Dev\\HomeAssistant\\pool-monitor-card\\src\\components\\card-content.js","all":false,"statementMap":{"0":{"start":{"line":1,"column":0},"end":{"line":1,"column":94}},"1":{"start":{"line":2,"column":0},"end":{"line":2,"column":37}},"3":{"start":{"line":4,"column":0},"end":{"line":4,"column":3}},"4":{"start":{"line":5,"column":0},"end":{"line":5,"column":21}},"5":{"start":{"line":6,"column":0},"end":{"line":6,"column":90}},"6":{"start":{"line":7,"column":0},"end":{"line":7,"column":3}},"7":{"start":{"line":8,"column":0},"end":{"line":8,"column":26}},"8":{"start":{"line":9,"column":0},"end":{"line":9,"column":5}},"9":{"start":{"line":10,"column":0},"end":{"line":10,"column":12}},"10":{"start":{"line":11,"column":0},"end":{"line":11,"column":26}},"11":{"start":{"line":12,"column":0},"end":{"line":12,"column":57}},"12":{"start":{"line":13,"column":0},"end":{"line":13,"column":52}},"13":{"start":{"line":14,"column":0},"end":{"line":14,"column":63}},"14":{"start":{"line":15,"column":0},"end":{"line":15,"column":54}},"15":{"start":{"line":16,"column":0},"end":{"line":16,"column":5}},"16":{"start":{"line":17,"column":0},"end":{"line":17,"column":32}},"17":{"start":{"line":18,"column":0},"end":{"line":18,"column":17}},"18":{"start":{"line":19,"column":0},"end":{"line":19,"column":32}},"19":{"start":{"line":20,"column":0},"end":{"line":20,"column":69}},"20":{"start":{"line":21,"column":0},"end":{"line":21,"column":17}},"22":{"start":{"line":23,"column":0},"end":{"line":23,"column":26}},"23":{"start":{"line":24,"column":0},"end":{"line":24,"column":3}},"25":{"start":{"line":26,"column":0},"end":{"line":26,"column":5}},"26":{"start":{"line":27,"column":0},"end":{"line":27,"column":12}},"27":{"start":{"line":28,"column":0},"end":{"line":28,"column":25}},"28":{"start":{"line":29,"column":0},"end":{"line":29,"column":61}},"29":{"start":{"line":30,"column":0},"end":{"line":30,"column":52}},"30":{"start":{"line":31,"column":0},"end":{"line":31,"column":54}},"31":{"start":{"line":32,"column":0},"end":{"line":32,"column":44}},"32":{"start":{"line":33,"column":0},"end":{"line":33,"column":44}},"33":{"start":{"line":34,"column":0},"end":{"line":34,"column":54}},"34":{"start":{"line":35,"column":0},"end":{"line":35,"column":73}},"35":{"start":{"line":36,"column":0},"end":{"line":36,"column":54}},"36":{"start":{"line":37,"column":0},"end":{"line":37,"column":52}},"37":{"start":{"line":38,"column":0},"end":{"line":38,"column":52}},"38":{"start":{"line":39,"column":0},"end":{"line":39,"column":58}},"39":{"start":{"line":40,"column":0},"end":{"line":40,"column":72}},"40":{"start":{"line":41,"column":0},"end":{"line":41,"column":63}},"41":{"start":{"line":42,"column":0},"end":{"line":42,"column":67}},"42":{"start":{"line":43,"column":0},"end":{"line":43,"column":70}},"43":{"start":{"line":44,"column":0},"end":{"line":44,"column":69}},"44":{"start":{"line":45,"column":0},"end":{"line":45,"column":53}},"45":{"start":{"line":46,"column":0},"end":{"line":46,"column":5}},"46":{"start":{"line":47,"column":0},"end":{"line":47,"column":37}},"47":{"start":{"line":48,"column":0},"end":{"line":48,"column":16}},"48":{"start":{"line":49,"column":0},"end":{"line":49,"column":81}},"49":{"start":{"line":50,"column":0},"end":{"line":50,"column":5}},"50":{"start":{"line":51,"column":0},"end":{"line":51,"column":16}},"51":{"start":{"line":52,"column":0},"end":{"line":52,"column":47}},"52":{"start":{"line":53,"column":0},"end":{"line":53,"column":78}},"53":{"start":{"line":54,"column":0},"end":{"line":54,"column":51}},"54":{"start":{"line":55,"column":0},"end":{"line":55,"column":14}},"55":{"start":{"line":56,"column":0},"end":{"line":56,"column":26}},"56":{"start":{"line":57,"column":0},"end":{"line":57,"column":92}},"57":{"start":{"line":58,"column":0},"end":{"line":58,"column":11}},"58":{"start":{"line":59,"column":0},"end":{"line":59,"column":38}},"59":{"start":{"line":60,"column":0},"end":{"line":60,"column":16}},"60":{"start":{"line":61,"column":0},"end":{"line":61,"column":14}},"61":{"start":{"line":62,"column":0},"end":{"line":62,"column":32}},"62":{"start":{"line":63,"column":0},"end":{"line":63,"column":224}},"63":{"start":{"line":64,"column":0},"end":{"line":64,"column":11}},"64":{"start":{"line":65,"column":0},"end":{"line":65,"column":25}},"65":{"start":{"line":66,"column":0},"end":{"line":66,"column":16}},"66":{"start":{"line":67,"column":0},"end":{"line":67,"column":14}},"67":{"start":{"line":68,"column":0},"end":{"line":68,"column":28}},"68":{"start":{"line":69,"column":0},"end":{"line":69,"column":81}},"69":{"start":{"line":70,"column":0},"end":{"line":70,"column":17}},"70":{"start":{"line":71,"column":0},"end":{"line":71,"column":14}},"71":{"start":{"line":72,"column":0},"end":{"line":72,"column":25}},"72":{"start":{"line":73,"column":0},"end":{"line":73,"column":17}},"73":{"start":{"line":74,"column":0},"end":{"line":74,"column":51}},"74":{"start":{"line":75,"column":0},"end":{"line":75,"column":29}},"75":{"start":{"line":76,"column":0},"end":{"line":76,"column":25}},"76":{"start":{"line":77,"column":0},"end":{"line":77,"column":100}},"77":{"start":{"line":78,"column":0},"end":{"line":78,"column":21}},"78":{"start":{"line":79,"column":0},"end":{"line":79,"column":93}},"79":{"start":{"line":80,"column":0},"end":{"line":80,"column":20}},"80":{"start":{"line":81,"column":0},"end":{"line":81,"column":13}},"81":{"start":{"line":82,"column":0},"end":{"line":82,"column":15}},"82":{"start":{"line":83,"column":0},"end":{"line":83,"column":44}},"83":{"start":{"line":84,"column":0},"end":{"line":84,"column":35}},"84":{"start":{"line":85,"column":0},"end":{"line":85,"column":19}},"85":{"start":{"line":86,"column":0},"end":{"line":86,"column":20}},"86":{"start":{"line":87,"column":0},"end":{"line":87,"column":44}},"87":{"start":{"line":88,"column":0},"end":{"line":88,"column":63}},"88":{"start":{"line":89,"column":0},"end":{"line":89,"column":40}},"89":{"start":{"line":90,"column":0},"end":{"line":90,"column":50}},"90":{"start":{"line":91,"column":0},"end":{"line":91,"column":43}},"91":{"start":{"line":92,"column":0},"end":{"line":92,"column":43}},"92":{"start":{"line":93,"column":0},"end":{"line":93,"column":49}},"93":{"start":{"line":94,"column":0},"end":{"line":94,"column":43}},"94":{"start":{"line":95,"column":0},"end":{"line":95,"column":42}},"95":{"start":{"line":96,"column":0},"end":{"line":96,"column":42}},"96":{"start":{"line":97,"column":0},"end":{"line":97,"column":43}},"97":{"start":{"line":98,"column":0},"end":{"line":98,"column":44}},"98":{"start":{"line":99,"column":0},"end":{"line":99,"column":15}},"99":{"start":{"line":100,"column":0},"end":{"line":100,"column":23}},"100":{"start":{"line":101,"column":0},"end":{"line":101,"column":15}},"101":{"start":{"line":102,"column":0},"end":{"line":102,"column":19}},"102":{"start":{"line":103,"column":0},"end":{"line":103,"column":44}},"103":{"start":{"line":104,"column":0},"end":{"line":104,"column":22}},"104":{"start":{"line":105,"column":0},"end":{"line":105,"column":60}},"105":{"start":{"line":106,"column":0},"end":{"line":106,"column":77}},"106":{"start":{"line":107,"column":0},"end":{"line":107,"column":46}},"107":{"start":{"line":108,"column":0},"end":{"line":108,"column":25}},"108":{"start":{"line":109,"column":0},"end":{"line":109,"column":22}},"109":{"start":{"line":110,"column":0},"end":{"line":110,"column":83}},"110":{"start":{"line":111,"column":0},"end":{"line":111,"column":46}},"111":{"start":{"line":112,"column":0},"end":{"line":112,"column":25}},"112":{"start":{"line":113,"column":0},"end":{"line":113,"column":22}},"113":{"start":{"line":114,"column":0},"end":{"line":114,"column":86}},"114":{"start":{"line":115,"column":0},"end":{"line":115,"column":46}},"115":{"start":{"line":116,"column":0},"end":{"line":116,"column":25}},"
[...]
30":{"start":{"line":31,"column":0},"end":{"line":31,"column":32}},"31":{"start":{"line":32,"column":0},"end":{"line":32,"column":17}},"32":{"start":{"line":33,"column":0},"end":{"line":33,"column":15}},"33":{"start":{"line":34,"column":0},"end":{"line":34,"column":15}},"34":{"start":{"line":35,"column":0},"end":{"line":35,"column":16}},"35":{"start":{"line":36,"column":0},"end":{"line":36,"column":3}},"36":{"start":{"line":37,"column":0},"end":{"line":37,"column":29}},"37":{"start":{"line":38,"column":0},"end":{"line":38,"column":5}},"38":{"start":{"line":39,"column":0},"end":{"line":39,"column":5}},"39":{"start":{"line":40,"column":0},"end":{"line":40,"column":5}},"40":{"start":{"line":41,"column":0},"end":{"line":41,"column":5}},"41":{"start":{"line":42,"column":0},"end":{"line":42,"column":5}},"42":{"start":{"line":43,"column":0},"end":{"line":43,"column":5}},"43":{"start":{"line":44,"column":0},"end":{"line":44,"column":5}},"44":{"start":{"line":45,"column":0},"end":{"line":45,"column":16}},"45":{"start":{"line":46,"column":0},"end":{"line":46,"column":5}},"46":{"start":{"line":47,"column":0},"end":{"line":47,"column":5}},"47":{"start":{"line":48,"column":0},"end":{"line":48,"column":5}},"48":{"start":{"line":49,"column":0},"end":{"line":49,"column":5}},"49":{"start":{"line":50,"column":0},"end":{"line":50,"column":2}},"50":{"start":{"line":51,"column":0},"end":{"line":51,"column":0}},"51":{"start":{"line":52,"column":0},"end":{"line":52,"column":3}},"52":{"start":{"line":53,"column":0},"end":{"line":53,"column":27}},"53":{"start":{"line":54,"column":0},"end":{"line":54,"column":81}},"54":{"start":{"line":55,"column":0},"end":{"line":55,"column":58}},"55":{"start":{"line":56,"column":0},"end":{"line":56,"column":75}},"56":{"start":{"line":57,"column":0},"end":{"line":57,"column":83}},"57":{"start":{"line":58,"column":0},"end":{"line":58,"column":11}},"58":{"start":{"line":59,"column":0},"end":{"line":59,"column":70}},"59":{"start":{"line":60,"column":0},"end":{"line":60,"column":70}},"60":{"start":{"line":61,"column":0},"end":{"line":61,"column":3}},"61":{"start":{"line":62,"column":0},"end":{"line":62,"column":46}},"62":{"start":{"line":63,"column":0},"end":{"line":63,"column":30}},"63":{"start":{"line":64,"column":0},"end":{"line":64,"column":53}},"64":{"start":{"line":65,"column":0},"end":{"line":65,"column":0}},"65":{"start":{"line":66,"column":0},"end":{"line":66,"column":25}},"66":{"start":{"line":67,"column":0},"end":{"line":67,"column":47}},"67":{"start":{"line":68,"column":0},"end":{"line":68,"column":25}},"68":{"start":{"line":69,"column":0},"end":{"line":69,"column":12}},"69":{"start":{"line":70,"column":0},"end":{"line":70,"column":61}},"70":{"start":{"line":71,"column":0},"end":{"line":71,"column":5}},"71":{"start":{"line":72,"column":0},"end":{"line":72,"column":3}},"72":{"start":{"line":73,"column":0},"end":{"line":73,"column":0}},"73":{"start":{"line":74,"column":0},"end":{"line":74,"column":23}},"74":{"start":{"line":75,"column":0},"end":{"line":75,"column":2}},"75":{"start":{"line":76,"column":0},"end":{"line":76,"column":0}},"76":{"start":{"line":77,"column":0},"end":{"line":77,"column":3}},"77":{"start":{"line":78,"column":0},"end":{"line":78,"column":30}},"78":{"start":{"line":79,"column":0},"end":{"line":79,"column":82}},"79":{"start":{"line":80,"column":0},"end":{"line":80,"column":79}},"80":{"start":{"line":81,"column":0},"end":{"line":81,"column":76}},"81":{"start":{"line":82,"column":0},"end":{"line":82,"column":53}},"82":{"start":{"line":83,"column":0},"end":{"line":83,"column":11}},"83":{"start":{"line":84,"column":0},"end":{"line":84,"column":80}},"84":{"start":{"line":85,"column":0},"end":{"line":85,"column":3}},"85":{"start":{"line":86,"column":0},"end":{"line":86,"column":59}},"86":{"start":{"line":87,"column":0},"end":{"line":87,"column":34}},"87":{"start":{"line":88,"column":0},"end":{"line":88,"column":0}},"88":{"start":{"line":89,"column":0},"end":{"line":89,"column":63}},"89":{"start":{"line":90,"column":0},"end":{"line":90,"column":42}},"90":{"start":{"line":91,"column":0},"end":{"line":91,"column":18}},"91":{"start":{"line":92,"column":0},"end":{"line":92,"column":2}}},"s":{"0":1,"1":1,"2":1,"3":1,"4":1,"5":1,"6":1,"7":1,"8":1,"9":1,"10":1,"11":1,"12":1,"13":1,"14":1,"15":1,"16":1,"17":1,"18":1,"19":1,"20":1,"21":1,"22":1,"23":1,"24":1,"25":1,"26":1,"27":1,"28":1,"29":1,"30":1,"31":1,"32":1,"33":1,"34":1,"35":1,"36":1,"37":1,"38":1,"39":1,"40":1,"41":1,"42":1,"43":1,"44":1,"45":1,"46":1,"47":1,"48":1,"49":1,"50":1,"51":1,"52":1,"53":1,"54":1,"55":1,"56":1,"57":1,"58":1,"59":1,"60":1,"61":1,"62":1,"63":1,"64":1,"65":1,"66":1,"67":1,"68":1,"69":1,"70":1,"71":1,"72":1,"73":1,"74":1,"75":1,"76":1,"77":1,"78":1,"79":1,"80":1,"81":1,"82":1,"83":1,"84":1,"85":1,"86":1,"87":1,"88":1,"89":1,"90":1,"91":1},"branchMap":{},"b":{},"fnMap":{},"f":{}}
,"D:\\Dev\\HomeAssistant\\pool-monitor-card\\src\\styles\\styles.js": {"path":"D:\\Dev\\HomeAssistant\\pool-monitor-card\\src\\styles\\styles.js","all":false,"statementMap":{"0":{"start":{"line":1,"column":0},"end":{"line":1,"column":3}},"1":{"start":{"line":2,"column":0},"end":{"line":2,"column":60}},"2":{"start":{"line":3,"column":0},"end":{"line":3,"column":90}},"3":{"start":{"line":4,"column":0},"end":{"line":4,"column":105}},"4":{"start":{"line":5,"column":0},"end":{"line":5,"column":49}},"5":{"start":{"line":6,"column":0},"end":{"line":6,"column":3}},"7":{"start":{"line":8,"column":0},"end":{"line":8,"column":94}},"8":{"start":{"line":9,"column":0},"end":{"line":9,"column":35}},"10":{"start":{"line":11,"column":0},"end":{"line":11,"column":3}},"11":{"start":{"line":12,"column":0},"end":{"line":12,"column":67}},"12":{"start":{"line":13,"column":0},"end":{"line":13,"column":65}},"13":{"start":{"line":14,"column":0},"end":{"line":14,"column":31}},"14":{"start":{"line":15,"column":0},"end":{"line":15,"column":47}},"15":{"start":{"line":16,"column":0},"end":{"line":16,"column":18}},"16":{"start":{"line":17,"column":0},"end":{"line":17,"column":38}},"17":{"start":{"line":18,"column":0},"end":{"line":18,"column":32}},"18":{"start":{"line":19,"column":0},"end":{"line":19,"column":35}},"19":{"start":{"line":20,"column":0},"end":{"line":20,"column":34}},"20":{"start":{"line":21,"column":0},"end":{"line":21,"column":2}},"21":{"start":{"line":22,"column":0},"end":{"line":22,"column":49}},"22":{"start":{"line":23,"column":0},"end":{"line":23,"column":25}},"23":{"start":{"line":24,"column":0},"end":{"line":24,"column":28}},"24":{"start":{"line":25,"column":0},"end":{"line":25,"column":27}},"25":{"start":{"line":26,"column":0},"end":{"line":26,"column":25}},"26":{"start":{"line":27,"column":0},"end":{"line":27,"column":25}},"27":{"start":{"line":28,"column":0},"end":{"line":28,"column":3}},"28":{"start":{"line":29,"column":0},"end":{"line":29,"column":26}},"29":{"start":{"line":30,"column":0},"end":{"line":30,"column":28}},"30":{"start":{"line":31,"column":0},"end":{"line":31,"column":9}},"31":{"start":{"line":32,"column":0},"end":{"line":32,"column":79}},"32":{"start":{"line":33,"column":0},"end":{"line":33,"column":54}},"33":{"start":{"line":34,"column":0},"end":{"line":34,"column":51}},"34":{"start":{"line":35,"column":0},"end":{"line":35,"column":42}},"35":{"start":{"line":36,"column":0},"end":{"line":36,"column":37}},"36":{"start":{"line":37,"column":0},"end":{"line":37,"column":19}},"37":{"start":{"line":38,"column":0},"end":{"line":38,"column":37}},"38":{"start":{"line":39,"column":0},"end":{"line":39,"column":23}},"39":{"start":{"line":40,"column":0},"end":{"line":40,"column":22}},"40":{"start":{"line":41,"column":0},"end":{"line":41,"column":3}},"42":{"start":{"line":43,"column":0},"end":{"line":43,"column":24}},"43":{"start":{"line":44,"column":0},"end":{"line":44,"column":12}},"44":{"start":{"line":45,"column":0},"end":{"line":45,"column":25}},"45":{"start":{"line":46,"column":0},"end":{"line":46,"column":17}},"46":{"start":{"line":47,"column":0},"end":{"line":47,"column":3}},"48":{"start":{"line":49,"column":0},"end":{"line":49,"column":20}},"49":{"start":{"line":50,"column":0},"end":{"line":50,"column":24}},"50":{"start":{"line":51,"column":0},"end":{"line":51,"column":17}},"51":{"start":{"line":52,"column":0},"end":{"line":52,"column":3}},"53":{"start":{"line":54,"column":0},"end":{"line":54,"column":21}},"54":{"start":{"line":55,"column":0},"end":{"line":55,"column":23}},"55":{"start":{"line":56,"column":0},"end":{"line":56,"column":22}},"56":{"start":{"line":57,"column":0},"end":{"line":57,"column":21}},"57":{"start":{"line":58,"column":0},"end":{"line":58,"column":23}},"58":{"start":{"line":59,"column":0},"end":{"line":59,"column":25}},"59":{"start":{"line":60,"column":0},"end":{"line":60,"column":14}},"60":{"start":{"line":61,"column":0},"end":{"line":61,"column":3}},"62":{"start":{"line":63,"column":0},"end":{"line":63,"column":31}},"63":{"start":{"line":64,"column":0},"end":{"line":64,"column":28}},"64":{"start":{"line":65,"column":0},"end":{"line":65,"column":22}},"65":{"start":{"line":66,"column":0},"end":{"line":66,"column":15}},"66":{"start":{"line":67,"column":0},"end":{"line":67,"column":16}},"67":{"start":{"line":68,"column":0},"end":{"line":68,"column":3}},"69":{"start":{"line":70,"column":0},"end":{"line":70,"column":31}},"70":{"start":{"line":71,"column":0},"end":{"line":71,"column":27}},"71":{"start":{"line":72,"column":0},"end":{"line":72,"column":18}},"72":{"start":{"line":73,"column":0},"end":{"line":73,"column":17}},"73":{"start":{"line":74,"column":0},"end":{"line":74,"column":17}},"74":{"start":{"line":75,"column":0},"end":{"line":75,"column":3}},"76":{"start":{"line":77,"column":0},"end":{"line":77,"column":34}},"77":{"start":{"line":78,"column":0},"end":{"line":78,"column":18}},"78":{"start":{"line":79,"column":0},"end":{"line":79,"column":42}},"79":{"start":{"line":80,"column":0},"end":{"line":80,"column":21}},"80":{"start":{"line":81,"column":0},"end":{"line":81,"column":23}},"81":{"start":{"line":82,"column":0},"end":{"line":82,"column":22}},"82":{"start":{"line":83,"column":0},"end":{"line":83,"column":3}},"84":{"start":{"line":85,"column":0},"end":{"line":85,"column":34}},"85":{"start":{"line":86,"column":0},"end":{"line":86,"column":18}},"86":{"start":{"line":87,"column":0},"end":{"line":87,"column":49}},"87":{"start":{"line":88,"column":0},"end":{"line":88,"column":18}},"88":{"start":{"line":89,"column":0},"end":{"line":89,"column":29}},"89":{"start":{"line":90,"column":0},"end":{"line":90,"column":22}},"90":{"start":{"line":91,"column":0},"end":{"line":91,"column":23}},"91":{"start":{"line":92,"column":0},"end":{"line":92,"column":3}},"93":{"start":{"line":94,"column":0},"end":{"line":94,"column":19}},"94":{"start":{"line":95,"column":0},"end":{"line":95,"column":18}},"95":{"start":{"line":96,"column":0},"end":{"line":96,"column":42}},"96":{"start":{"line":97,"column":0},"end":{"line":97,"column":15}},"97":{"start":{"line":98,"column":0},"end":{"line":98,"column":29}},"98":{"start":{"line":99,"column":0},"end":{"line":99,"column":22}},"99":{"start":{"line":100,"column":0},"end":{"line":100,"column":23}},"100":{"start":{"line":101,"column":0},"end":{"line":101,"column":16}},"101":{"start":{"line":102,"column":0},"end":{"line":102,"column":3}},"103":{"start":{"line":104,"column":0},"end":{"line":104,"column":42}},"104":{"start":{"line":105,"column":0},"end":{"line":105,"column":23}},"105":{"start":{"line":106,"column":0},"end":{"line":106,"column":25}},"106":{"start":{"line":107,"column":0},"end":{"line":107,"column":16}},"107":{"start":{"line":108,"column":0},"end":{"line":108,"column":17}},"108":{"start":{"line":109,"column":0},"end":{"line":109,"column":21}},"109":{"start":{"line":110,"column":0},"end":{"line":110,"column":23}},"110":{"start":{"line":111,"column":0},"end":{"line":111,"column":23}},"111":{"start":{"line":112,"column":0},"end":{"line":112,"column":15}},"112":{"start":{"line":113,"column":0},"end":{"line":113,"column":3}},"114":{"start":{"line":115,"column":0},"end":{"line":115,"column":48}},"115":{"start":{"line":116,"column":0},"end":{"line":116,"column":16}},"116":{"start":{"line":117,"column":0},"end":{"line":117,"column":23}},"117":{"start":{"line":118,"column":0},"end":{"line":118,"column":15}},"118":{"start":{"line":119,"column":0},"end":{"line":119,"column":3}},"120":{"start":{"line":121,"column":0},"end":{"line":121,"column":44}},"121":{"start":{"line":122,"column":0},"end":{"line":122,"column":13}},"122":{"start":{"line":123,"column":0},"end":{"line":123,"column":14}},"123":{"start":{"line":124,"column":0},"end":{"line":124,"column":40}},"124":{"start":{"line":125,"column":0},"end":{"line":125,"column":41}},"125":{"start":{"line":126,"column":0},"end":{"line":126,"column":23}},"126":{"start":{"line":127,"column":0},"end":{"line":127,"column":16}},"127":{"start":{"line":128,"column":0},"end":{"line":128,"column":32}},"128":{"start":{"line":129,"column":0},"end":{"line":129,"column":3}},"130":{"start":{"line":131,"column":0},"end":{"line":131,"column":14}},"131":{"start":{"line":132,"column":0},"end":{"line":132,"column":19}},"132":{"start":{"line":133,"column":0},"end":{"line":133,"column":14}},"133":{"start":{"line":134,"column":0},"end":{"line":134,"column":3}},"135":{"start":{"line":136,"column":0},"end":{"line":136,"column":23}},"136":{"start":{"line":137,"column":0},"end":{"line":137,"column":21}},"137":{"start":{"line":138,"column":0},"end":{"line":138,"column":23}},"138":{"start":{"line":139,"column":0},"end":{"line":139,"column":21}},"139":{"start":{"line":140,"column":0},"end":{"line":140,"column":3}},"141":{"start":{"line":142,"column":0},"end":{"line":142,"column":13}},"142":{"start":{"line":143,"column":0},"end":{"line":143,"column":16}},"143":{"start":{"line":144,"column":0},"end":{"line":144,"column":3}},"145":{"start":{"line":146,"column":0},"end":{"line":146,"column":11}},"146":{"start":{"line":147,"column":0},"end":{"line":147,"column":23}},"147":{"start":{"line":148,"column":0},"end":{"line":148,"column":25}},"148":{"start":{"line":149,"column":0},"end":{"line":149,"column":20}},"149":{"start":{"line":150,"column":0},"end":{"line":150,"column":21}},"150":{"start":{"line":151,"column":0},"end":{"line":151,"column":17}},"151":{"start":{"line":152,"column":0},"end":{"line":152,"column":23}},"152":{"start":{"line":153,"column":0},"end":{"line":153,"column":15}},"153":{"start":{"line":154,"column":0},"end":{"line":154,"column":3}},"155":{"start":{"line":156,"column":0},"end":{"line":156,"column":16}},"156":{"start":{"line":157,"column":0},"end":{"line":157,"column":23}},"157":{"start":{"line":158,"column":0},"end":{"line":158,"column":17}},"158":{"start":{"line":159,"column":0},"end":{"line":159,"column":17}},"159":{"start":{"line":160,"column":0},"end":{"line":160,"column":22}},"160":{"start":{"line":161,"column":0},"end":{"line":161,"column":23}},"161":{"start":{"line":162,"column":0},"end":{"line":162,"column":21}},"162":{"start":{"line":163,"column":0},"end":{"line":163,"column":21}},"163":{"start":{"line":164,"column":0},"end":{"line":164,"column":20}},"164":{"start":{"line":165,"column":0},"end":{"line":165,"column":21}},"165":{"start":{"line":166,"column":0},"end":{"line":166,"column":22}},"166":{"start":{"line":167,"column":0},"end":{"line":167,"column":17}},"167":{"start":{"line":168,"column":0},"end":{"line":168,"column":24}},"168":{"start":{"line":169,"column":0},"end":{"line":169,"column":15}},"169":{"start":{"line":170,"column":0},"end":{"line":170,"column":3}},"171":{"start":{"line":172,"column":0},"end":{"line":172,"column":23}},"172":{"start":{"line":173,"column":0},"end":{"line":173,"column":17}},"173":{"start":{"line":174,"column":0},"end":{"line":174,"column":16}},"174":{"start":{"line":175,"column":0},"end":{"line":175,"column":23}},"175":{"start":{"line":176,"column":0},"end":{"line":176,"column":3}},"177":{"start":{"line":178,"column":0},"end":{"line":178,"column":29}},"178":{"start":{"line":179,"column":0},"end":{"line":179,"column":23}},"179":{"start":{"line":180,"column":0},"end":{"line":180,"column":17}},"180":{"start":{"line":181,"column":0},"end":{"line":181,"column":28}},"181":{"start":{"line":182,"column":0},"end":{"line":182,"column":23}},"182":{"start":{"line":183,"column":0},"end":{"line":183,"column":21}},"183":{"start":{"line":184,"column":0},"end":{"line":184,"column":3}},"185":{"start":{"line":186,"column":0},"end":{"line":186,"column":20}},"186":{"start":{"line":187,"column":0},"end":{"line":187,"column":67}},"187":{"start":{"line":188,"column":0},"end":{"line":188,"column":57}},"188":{"start":{"line":189,"column":0},"end":{"line":189,"column":23}},"189":{"start":{"line":190,"column":0},"end":{"line":190,"column":23}},"190":{"start":{"line":191,"column":0},"end":{"line":191,"column":18}},"191":{"start":{"line":192,"column":0},"end":{"line":192,"column":64}},"192":{"start":{"line":193,"column":0},"end":{"line":193,"column":22}},"193":{"start":{"line":194,"column":0},"end":{"line":194,"column":21}},"194":{"start":{"line":195,"column":0},"end":{"line":195,"column":18}},"195":{"start":{"line":196,"column":0},"end":{"line":196,"column":24}},"196":{"start":{"line":197,"column":0},"end":{"line":197,"column":39}},"197":{"start":{"line":198,"column":0},"end":{"line":198,"column":45}},"198":{"start":{"line":199,"column":0},"end":{"line":199,"column":3}},"200":{"start":{"line":201,"column":0},"end":{"line":201,"column":28}},"201":{"start":{"line":202,"column":0},"end":{"line":202,"column":41}},"202":{"start":{"line":203,"column":0},"end":{"line":203,"column":23}},"203":{"start":{"line":204,"column":0},"end":{"line":204,"column":19}},"204":{"start":{"line":205,"column":0},"end":{"line":205,"column":3}},"206":{"start":{"line":207,"column":0},"end":{"line":207,"column":21}},"207":{"start":{"line":208,"column":0},"end":{"line":208,"column":10}},"208":{"start":{"line":209,"column":0},"end":{"line":209,"column":17}},"209":{"start":{"line":210,"column":0},"end":{"line":210,"column":35}},"210":{"start":{"line":211,"column":0},"end":{"line":211,"column":5}},"211":{"start":{"line":212,"column":0},"end":{"line":212,"column":8}},"212":{"start":{"line":213,"column":0},"end":{"line":213,"column":17}},"213":{"start":{"line":214,"column":0},"end":{"line":214,"column":31}},"214":{"start":{"line":215,"column":0},"end":{"line":215,"column":5}},"215":{"start":{"line":216,"column":0},"end":{"line":216,"column":3}},"216":{"start":{"line":217,"column":0},"end":{"line":217,"column":2}}},"s":{"0":1,"1":1,"2":1,"3":1,"4":1,"5":1,"7":1,"8":1,"10":1,"11":1,"12":1,"13":1,"14":1,"15":1,"16":1,"17":1,"18":1,"19":1,"20":1,"21":1,"22":1,"23":1,"24":1,"25":1,"26":1,"27":1,"28":1,"29":1,"30":1,"31":1,"32":1,"33":1,"34":1,"35":1,"36":1,"37":1,"38":1,"39":1,"40":1,"42":1,"43":1,"44":1,"45":1,"46":1,"48":1,"49":1,"50":1,"51":1,"53":1,"54":1,"55":1,"56":1,"57":1,"58":1,"59":1,"60":1,"62":1,"63":1,"64":1,"65":1,"66":1,"67":1,"69":1,"70":1,"71":1,"72":1,"73":1,"74":1,"76":1,"77":1,"78":1,"79":1,"80":1,"81":1,"82":1,"84":1,"85":1,"86":1,"87":1,"88":1,"89":1,"90":1,"91":1,"93":1,"94":1,"95":1,"96":1,"97":1,"98":1,"99":1,"100":1,"101":1,"103":1,"104":1,"105":1,"106":1,"107":1,"108":1,"109":1,"110":1,"111":1,"112":1,"114":1,"115":1,"116":1,"117":1,"118":1,"120":1,"121":1,"122":1,"123":1,"124":1,"125":1,"126":1,"127":1,"128":1,"130":1,"131":1,"132":1,"133":1,"135":1,"136":1,"137":1,"138":1,"139":1,"141":1,"142":1,"143":1,"145":1,"146":1,"147":1,"148":1,"149":1,"150":1,"151":1,"152":1,"153":1,"155":1,"156":1,"157":1,"158":1,"159":1,"160":1,"161":1,"162":1,"163":1,"164":1,"165":1,"166":1,"167":1,"168":1,"169":1,"171":1,"172":1,"173":1,"174":1,"175":1,"177":1,"178":1,"179":1,"180":1,"181":1,"182":1,"183":1,"185":1,"186":1,"187":1,"188":1,"189":1,"190":1,"191":1,"192":1,"193":1,"194":1,"195":1,"196":1,"197":1,"198":1,"200":1,"201":1,"202":1,"203":1,"204":1,"206":1,"207":1,"208":1,"209":1,"210":1,"211":1,"212":1,"213":1,"214":1,"215":1,"216":1},"branchMap":{},"b":{},"fnMap":{},"f":{}}
}
